[2026-04-02T02:47:03.040Z] LOG: [HID] Inter-report delay: 0 ms default 0 (set AKP05_HID_WRITE_DELAY_MS to add pacing)
[2026-04-02T02:47:03.065Z] LOG: [HID] Secured. Ajazz AKP05 (VID 300 PID 3004)
[2026-04-02T02:47:04.082Z] LOG: [VISUAL] Connected.
[2026-04-02T02:47:04.083Z] LOG: [VISUAL] BEGIN received; DEVICEID=AJAZZ_AKP05 — sending minimal ADD-DEVICE in 600ms…
[2026-04-02T02:47:04.688Z] LOG: [HANDSHAKE] "ADD-DEVICE DEVICEID=\"AJAZZ_AKP05\" PRODUCT_NAME=\"Ajazz AKP05\" KEYS_TOTAL=25 KEYS_PER_ROW=5 BITMAPS=112\n"
[2026-04-02T02:47:04.689Z] LOG: [DEBUG TX HEX] 4144442d4445564943452044455649434549443d22414a415a5a5f414b503035222050524f445543545f4e414d453d22416a617a7a20414b50303522204b4559535f544f54414c3d3235204b4559535f5045525f524f573d35204249544d4150533d3131320a
[2026-04-02T02:47:04.690Z] LOG: [COMPANION] ADD-DEVICE OK DEVICEID="AJAZZ_AKP05"
[2026-04-02T02:47:04.696Z] LOG: [VISUAL] Companion wants to draw Key 1 at HID index 11
[2026-04-02T02:47:04.698Z] LOG: [VISUAL] Companion wants to draw Key 0 at HID index 10
[2026-04-02T02:47:04.699Z] LOG: [VISUAL] Companion wants to draw Key 2 at HID index 12
[2026-04-02T02:47:04.699Z] LOG: [VISUAL] Companion wants to draw Key 3 at HID index 13
[2026-04-02T02:47:04.699Z] LOG: [VISUAL] Companion wants to draw Key 4 at HID index 14
[2026-04-02T02:47:04.700Z] LOG: [VISUAL] Companion wants to draw Key 5 at HID index 5
[2026-04-02T02:47:04.701Z] LOG: [VISUAL] Companion wants to draw Key 7 at HID index 7
[2026-04-02T02:47:04.701Z] LOG: [VISUAL] Companion wants to draw Key 6 at HID index 6
[2026-04-02T02:47:04.703Z] LOG: [VISUAL] Companion wants to draw Key 8 at HID index 8
[2026-04-02T02:47:04.704Z] LOG: [VISUAL] Companion wants to draw Key 9 at HID index 9
[2026-04-02T02:47:04.704Z] LOG: [VISUAL] Companion wants to draw Key 10 at HID index 0
[2026-04-02T02:47:04.705Z] LOG: [VISUAL] Companion wants to draw Key 11 at HID index 1
[2026-04-02T02:47:04.706Z] LOG: [VISUAL] Companion wants to draw Key 12 at HID index 2
[2026-04-02T02:47:04.707Z] LOG: [VISUAL] Companion wants to draw Key 13 at HID index 3
[2026-04-02T02:47:07.262Z] LOG: [SATELLITE TX] "KEY-PRESS DEVICEID=\"AJAZZ_AKP05\" CONTROLID=\"0/0\" KEY=\"0/0\" PRESSED=1\n"
[2026-04-02T02:47:07.262Z] LOG: [COMPANION] KEY-PRESS OK DEVICEID="AJAZZ_AKP05"
[2026-04-02T02:47:07.304Z] LOG: [VISUAL] Companion wants to draw Key 0 at HID index 10
[2026-04-02T02:47:07.501Z] LOG: [SATELLITE TX] "KEY-PRESS DEVICEID=\"AJAZZ_AKP05\" CONTROLID=\"0/0\" KEY=\"0/0\" PRESSED=0\n"
[2026-04-02T02:47:07.502Z] LOG: [COMPANION] KEY-PRESS OK DEVICEID="AJAZZ_AKP05"
[2026-04-02T02:47:07.538Z] LOG: [VISUAL] Companion wants to draw Key 0 at HID index 10
[2026-04-02T02:47:07.781Z] LOG: [SATELLITE TX] "KEY-PRESS DEVICEID=\"AJAZZ_AKP05\" CONTROLID=\"0/1\" KEY=\"0/1\" PRESSED=1\n"
[2026-04-02T02:47:07.782Z] LOG: [COMPANION] KEY-PRESS OK DEVICEID="AJAZZ_AKP05"
[2026-04-02T02:47:07.809Z] LOG: [VISUAL] Companion wants to draw Key 1 at HID index 11
[2026-04-02T02:47:08.001Z] LOG: [SATELLITE TX] "KEY-PRESS DEVICEID=\"AJAZZ_AKP05\" CONTROLID=\"0/1\" KEY=\"0/1\" PRESSED=1\n"
[2026-04-02T02:47:08.001Z] LOG: [COMPANION] KEY-PRESS OK DEVICEID="AJAZZ_AKP05"
[2026-04-02T02:47:08.081Z] LOG: [SATELLITE TX] "KEY-PRESS DEVICEID=\"AJAZZ_AKP05\" CONTROLID=\"0/1\" KEY=\"0/1\" PRESSED=0\n"
[2026-04-02T02:47:08.081Z] LOG: [COMPANION] KEY-PRESS OK DEVICEID="AJAZZ_AKP05"
[2026-04-02T02:47:08.117Z] LOG: [VISUAL] Companion wants to draw Key 1 at HID index 11
[2026-04-02T02:47:08.301Z] LOG: [SATELLITE TX] "KEY-PRESS DEVICEID=\"AJAZZ_AKP05\" CONTROLID=\"0/2\" KEY=\"0/2\" PRESSED=1\n"
[2026-04-02T02:47:08.302Z] LOG: [COMPANION] KEY-PRESS OK DEVICEID="AJAZZ_AKP05"
[2026-04-02T02:47:08.344Z] LOG: [VISUAL] Companion wants to draw Key 2 at HID index 12
[2026-04-02T02:47:08.381Z] LOG: [SATELLITE TX] "KEY-PRESS DEVICEID=\"AJAZZ_AKP05\" CONTROLID=\"0/2\" KEY=\"0/2\" PRESSED=0\n"
[2026-04-02T02:47:08.395Z] LOG: [COMPANION] KEY-PRESS OK DEVICEID="AJAZZ_AKP05"
[2026-04-02T02:47:08.440Z] LOG: [VISUAL] Companion wants to draw Key 2 at HID index 12
[2026-04-02T02:47:08.661Z] LOG: [SATELLITE TX] "KEY-PRESS DEVICEID=\"AJAZZ_AKP05\" CONTROLID=\"0/3\" KEY=\"0/3\" PRESSED=1\n"
[2026-04-02T02:47:08.661Z] LOG: [COMPANION] KEY-PRESS OK DEVICEID="AJAZZ_AKP05"
[2026-04-02T02:47:08.692Z] LOG: [VISUAL] Companion wants to draw Key 3 at HID index 13
[2026-04-02T02:47:08.761Z] LOG: [SATELLITE TX] "KEY-PRESS DEVICEID=\"AJAZZ_AKP05\" CONTROLID=\"0/3\" KEY=\"0/3\" PRESSED=0\n"
[2026-04-02T02:47:08.762Z] LOG: [COMPANION] KEY-PRESS OK DEVICEID="AJAZZ_AKP05"
[2026-04-02T02:47:08.788Z] LOG: [VISUAL] Companion wants to draw Key 3 at HID index 13
[2026-04-02T02:47:09.071Z] LOG: [SATELLITE TX] "KEY-PRESS DEVICEID=\"AJAZZ_AKP05\" CONTROLID=\"0/4\" KEY=\"0/4\" PRESSED=1\n"
[2026-04-02T02:47:09.072Z] LOG: [COMPANION] KEY-PRESS OK DEVICEID="AJAZZ_AKP05"
[2026-04-02T02:47:09.097Z] LOG: [VISUAL] Companion wants to draw Key 4 at HID index 14
[2026-04-02T02:47:09.171Z] LOG: [SATELLITE TX] "KEY-PRESS DEVICEID=\"AJAZZ_AKP05\" CONTROLID=\"0/4\" KEY=\"0/4\" PRESSED=0\n"
[2026-04-02T02:47:09.171Z] LOG: [COMPANION] KEY-PRESS OK DEVICEID="AJAZZ_AKP05"
[2026-04-02T02:47:09.204Z] LOG: [VISUAL] Companion wants to draw Key 4 at HID index 14
[2026-04-02T02:47:09.511Z] LOG: [SATELLITE TX] "KEY-PRESS DEVICEID=\"AJAZZ_AKP05\" CONTROLID=\"1/4\" KEY=\"1/4\" PRESSED=1\n"
[2026-04-02T02:47:09.518Z] LOG: [COMPANION] KEY-PRESS OK DEVICEID="AJAZZ_AKP05"
[2026-04-02T02:47:09.550Z] LOG: [VISUAL] Companion wants to draw Key 9 at HID index 9
[2026-04-02T02:47:09.591Z] LOG: [SATELLITE TX] "KEY-PRESS DEVICEID=\"AJAZZ_AKP05\" CONTROLID=\"1/4\" KEY=\"1/4\" PRESSED=0\n"
[2026-04-02T02:47:09.591Z] LOG: [COMPANION] KEY-PRESS OK DEVICEID="AJAZZ_AKP05"
[2026-04-02T02:47:09.624Z] LOG: [VISUAL] Companion wants to draw Key 9 at HID index 9
[2026-04-02T02:47:09.721Z] LOG: [SATELLITE TX] "KEY-PRESS DEVICEID=\"AJAZZ_AKP05\" CONTROLID=\"1/4\" KEY=\"1/4\" PRESSED=1\n"
[2026-04-02T02:47:09.721Z] LOG: [COMPANION] KEY-PRESS OK DEVICEID="AJAZZ_AKP05"
[2026-04-02T02:47:09.751Z] LOG: [VISUAL] Companion wants to draw Key 9 at HID index 9
[2026-04-02T02:47:09.781Z] LOG: [SATELLITE TX] "KEY-PRESS DEVICEID=\"AJAZZ_AKP05\" CONTROLID=\"1/4\" KEY=\"1/4\" PRESSED=0\n"
[2026-04-02T02:47:09.781Z] LOG: [COMPANION] KEY-PRESS OK DEVICEID="AJAZZ_AKP05"
[2026-04-02T02:47:09.811Z] LOG: [VISUAL] Companion wants to draw Key 9 at HID index 9
[2026-04-02T02:47:09.881Z] LOG: [SATELLITE TX] "KEY-PRESS DEVICEID=\"AJAZZ_AKP05\" CONTROLID=\"1/4\" KEY=\"1/4\" PRESSED=1\n"
[2026-04-02T02:47:09.881Z] LOG: [COMPANION] KEY-PRESS OK DEVICEID="AJAZZ_AKP05"
[2026-04-02T02:47:09.906Z] LOG: [VISUAL] Companion wants to draw Key 9 at HID index 9
[2026-04-02T02:47:09.981Z] LOG: [SATELLITE TX] "KEY-PRESS DEVICEID=\"AJAZZ_AKP05\" CONTROLID=\"1/4\" KEY=\"1/4\" PRESSED=0\n"
[2026-04-02T02:47:09.982Z] LOG: [COMPANION] KEY-PRESS OK DEVICEID="AJAZZ_AKP05"
[2026-04-02T02:47:10.025Z] LOG: [VISUAL] Companion wants to draw Key 9 at HID index 9
[2026-04-02T02:47:10.081Z] LOG: [SATELLITE TX] "KEY-PRESS DEVICEID=\"AJAZZ_AKP05\" CONTROLID=\"1/4\" KEY=\"1/4\" PRESSED=1\n"
[2026-04-02T02:47:10.083Z] LOG: [COMPANION] KEY-PRESS OK DEVICEID="AJAZZ_AKP05"
[2026-04-02T02:47:10.106Z] LOG: [VISUAL] Companion wants to draw Key 9 at HID index 9
[2026-04-02T02:47:10.141Z] LOG: [SATELLITE TX] "KEY-PRESS DEVICEID=\"AJAZZ_AKP05\" CONTROLID=\"1/4\" KEY=\"1/4\" PRESSED=0\n"
[2026-04-02T02:47:10.142Z] LOG: [COMPANION] KEY-PRESS OK DEVICEID="AJAZZ_AKP05"
[2026-04-02T02:47:10.175Z] LOG: [VISUAL] Companion wants to draw Key 9 at HID index 9
[2026-04-02T02:47:10.271Z] LOG: [SATELLITE TX] "KEY-PRESS DEVICEID=\"AJAZZ_AKP05\" CONTROLID=\"1/4\" KEY=\"1/4\" PRESSED=1\n"
[2026-04-02T02:47:10.272Z] LOG: [COMPANION] KEY-PRESS OK DEVICEID="AJAZZ_AKP05"
[2026-04-02T02:47:10.299Z] LOG: [VISUAL] Companion wants to draw Key 9 at HID index 9
[2026-04-02T02:47:10.311Z] LOG: [SATELLITE TX] "KEY-PRESS DEVICEID=\"AJAZZ_AKP05\" CONTROLID=\"1/4\" KEY=\"1/4\" PRESSED=0\n"
[2026-04-02T02:47:10.311Z] LOG: [COMPANION] KEY-PRESS OK DEVICEID="AJAZZ_AKP05"
[2026-04-02T02:47:10.339Z] LOG: [VISUAL] Companion wants to draw Key 9 at HID index 9
[2026-04-02T02:47:10.441Z] LOG: [SATELLITE TX] "KEY-PRESS DEVICEID=\"AJAZZ_AKP05\" CONTROLID=\"1/4\" KEY=\"1/4\" PRESSED=1\n"
[2026-04-02T02:47:10.441Z] LOG: [COMPANION] KEY-PRESS OK DEVICEID="AJAZZ_AKP05"
[2026-04-02T02:47:10.464Z] LOG: [VISUAL] Companion wants to draw Key 9 at HID index 9
[2026-04-02T02:47:10.481Z] LOG: [SATELLITE TX] "KEY-PRESS DEVICEID=\"AJAZZ_AKP05\" CONTROLID=\"1/4\" KEY=\"1/4\" PRESSED=0\n"
[2026-04-02T02:47:10.482Z] LOG: [COMPANION] KEY-PRESS OK DEVICEID="AJAZZ_AKP05"
[2026-04-02T02:47:10.509Z] LOG: [VISUAL] Companion wants to draw Key 9 at HID index 9
[2026-04-02T02:47:10.551Z] LOG: [SATELLITE TX] "KEY-PRESS DEVICEID=\"AJAZZ_AKP05\" CONTROLID=\"1/4\" KEY=\"1/4\" PRESSED=1\n"
[2026-04-02T02:47:10.551Z] LOG: [COMPANION] KEY-PRESS OK DEVICEID="AJAZZ_AKP05"
[2026-04-02T02:47:10.588Z] LOG: [VISUAL] Companion wants to draw Key 9 at HID index 9
[2026-04-02T02:47:10.591Z] LOG: [SATELLITE TX] "KEY-PRESS DEVICEID=\"AJAZZ_AKP05\" CONTROLID=\"1/4\" KEY=\"1/4\" PRESSED=0\n"
[2026-04-02T02:47:10.591Z] LOG: [COMPANION] KEY-PRESS OK DEVICEID="AJAZZ_AKP05"
[2026-04-02T02:47:10.617Z] LOG: [VISUAL] Companion wants to draw Key 9 at HID index 9
[2026-04-02T02:47:10.661Z] LOG: [SATELLITE TX] "KEY-PRESS DEVICEID=\"AJAZZ_AKP05\" CONTROLID=\"1/4\" KEY=\"1/4\" PRESSED=1\n"
[2026-04-02T02:47:10.661Z] LOG: [COMPANION] KEY-PRESS OK DEVICEID="AJAZZ_AKP05"
[2026-04-02T02:47:10.694Z] LOG: [VISUAL] Companion wants to draw Key 9 at HID index 9
[2026-04-02T02:47:10.721Z] LOG: [SATELLITE TX] "KEY-PRESS DEVICEID=\"AJAZZ_AKP05\" CONTROLID=\"1/4\" KEY=\"1/4\" PRESSED=0\n"
[2026-04-02T02:47:10.721Z] LOG: [COMPANION] KEY-PRESS OK DEVICEID="AJAZZ_AKP05"
[2026-04-02T02:47:10.759Z] LOG: [VISUAL] Companion wants to draw Key 9 at HID index 9
[2026-04-02T02:47:10.821Z] LOG: [SATELLITE TX] "KEY-PRESS DEVICEID=\"AJAZZ_AKP05\" CONTROLID=\"1/4\" KEY=\"1/4\" PRESSED=1\n"
[2026-04-02T02:47:10.822Z] LOG: [COMPANION] KEY-PRESS OK DEVICEID="AJAZZ_AKP05"
[2026-04-02T02:47:10.851Z] LOG: [VISUAL] Companion wants to draw Key 9 at HID index 9
[2026-04-02T02:47:10.861Z] LOG: [SATELLITE TX] "KEY-PRESS DEVICEID=\"AJAZZ_AKP05\" CONTROLID=\"1/4\" KEY=\"1/4\" PRESSED=0\n"
[2026-04-02T02:47:10.861Z] LOG: [COMPANION] KEY-PRESS OK DEVICEID="AJAZZ_AKP05"
[2026-04-02T02:47:10.884Z] LOG: [VISUAL] Companion wants to draw Key 9 at HID index 9
[2026-04-02T02:47:10.961Z] LOG: [SATELLITE TX] "KEY-PRESS DEVICEID=\"AJAZZ_AKP05\" CONTROLID=\"1/4\" KEY=\"1/4\" PRESSED=1\n"
[2026-04-02T02:47:10.961Z] LOG: [COMPANION] KEY-PRESS OK DEVICEID="AJAZZ_AKP05"
[2026-04-02T02:47:10.995Z] LOG: [VISUAL] Companion wants to draw Key 9 at HID index 9
[2026-04-02T02:47:11.021Z] LOG: [SATELLITE TX] "KEY-PRESS DEVICEID=\"AJAZZ_AKP05\" CONTROLID=\"1/4\" KEY=\"1/4\" PRESSED=0\n"
[2026-04-02T02:47:11.021Z] LOG: [COMPANION] KEY-PRESS OK DEVICEID="AJAZZ_AKP05"
[2026-04-02T02:47:11.050Z] LOG: [VISUAL] Companion wants to draw Key 9 at HID index 9
[2026-04-02T02:47:11.091Z] LOG: [SATELLITE TX] "KEY-PRESS DEVICEID=\"AJAZZ_AKP05\" CONTROLID=\"1/4\" KEY=\"1/4\" PRESSED=1\n"
[2026-04-02T02:47:11.092Z] LOG: [COMPANION] KEY-PRESS OK DEVICEID="AJAZZ_AKP05"
[2026-04-02T02:47:11.118Z] LOG: [VISUAL] Companion wants to draw Key 9 at HID index 9
[2026-04-02T02:47:11.151Z] LOG: [SATELLITE TX] "KEY-PRESS DEVICEID=\"AJAZZ_AKP05\" CONTROLID=\"1/4\" KEY=\"1/4\" PRESSED=0\n"
[2026-04-02T02:47:11.152Z] LOG: [COMPANION] KEY-PRESS OK DEVICEID="AJAZZ_AKP05"
[2026-04-02T02:47:11.183Z] LOG: [VISUAL] Companion wants to draw Key 9 at HID index 9
[2026-04-02T02:47:11.191Z] LOG: [SATELLITE TX] "KEY-PRESS DEVICEID=\"AJAZZ_AKP05\" CONTROLID=\"1/4\" KEY=\"1/4\" PRESSED=1\n"
[2026-04-02T02:47:11.191Z] LOG: [COMPANION] KEY-PRESS OK DEVICEID="AJAZZ_AKP05"
[2026-04-02T02:47:11.230Z] LOG: [VISUAL] Companion wants to draw Key 9 at HID index 9
[2026-04-02T02:47:11.271Z] LOG: [SATELLITE TX] "KEY-PRESS DEVICEID=\"AJAZZ_AKP05\" CONTROLID=\"1/4\" KEY=\"1/4\" PRESSED=0\n"
[2026-04-02T02:47:11.271Z] LOG: [COMPANION] KEY-PRESS OK DEVICEID="AJAZZ_AKP05"
[2026-04-02T02:47:11.308Z] LOG: [VISUAL] Companion wants to draw Key 9 at HID index 9
[2026-04-02T02:47:11.461Z] LOG: [SATELLITE TX] "KEY-PRESS DEVICEID=\"AJAZZ_AKP05\" CONTROLID=\"1/3\" KEY=\"1/3\" PRESSED=1\n"
[2026-04-02T02:47:11.462Z] LOG: [COMPANION] KEY-PRESS OK DEVICEID="AJAZZ_AKP05"
[2026-04-02T02:47:11.502Z] LOG: [VISUAL] Companion wants to draw Key 8 at HID index 8
[2026-04-02T02:47:11.521Z] LOG: [SATELLITE TX] "KEY-PRESS DEVICEID=\"AJAZZ_AKP05\" CONTROLID=\"1/3\" KEY=\"1/3\" PRESSED=0\n"
[2026-04-02T02:47:11.522Z] LOG: [COMPANION] KEY-PRESS OK DEVICEID="AJAZZ_AKP05"
[2026-04-02T02:47:11.576Z] LOG: [VISUAL] Companion wants to draw Key 8 at HID index 8
[2026-04-02T02:47:11.831Z] LOG: [SATELLITE TX] "KEY-PRESS DEVICEID=\"AJAZZ_AKP05\" CONTROLID=\"1/3\" KEY=\"1/3\" PRESSED=1\n"
[2026-04-02T02:47:11.831Z] LOG: [COMPANION] KEY-PRESS OK DEVICEID="AJAZZ_AKP05"
[2026-04-02T02:47:11.860Z] LOG: [VISUAL] Companion wants to draw Key 8 at HID index 8
[2026-04-02T02:47:11.911Z] LOG: [SATELLITE TX] "KEY-PRESS DEVICEID=\"AJAZZ_AKP05\" CONTROLID=\"1/3\" KEY=\"1/3\" PRESSED=0\n"
[2026-04-02T02:47:11.911Z] LOG: [COMPANION] KEY-PRESS OK DEVICEID="AJAZZ_AKP05"
[2026-04-02T02:47:11.950Z] LOG: [VISUAL] Companion wants to draw Key 8 at HID index 8
[2026-04-02T02:47:12.011Z] LOG: [SATELLITE TX] "KEY-PRESS DEVICEID=\"AJAZZ_AKP05\" CONTROLID=\"1/3\" KEY=\"1/3\" PRESSED=1\n"
[2026-04-02T02:47:12.012Z] LOG: [COMPANION] KEY-PRESS OK DEVICEID="AJAZZ_AKP05"
[2026-04-02T02:47:12.044Z] LOG: [VISUAL] Companion wants to draw Key 8 at HID index 8
[2026-04-02T02:47:12.111Z] LOG: [SATELLITE TX] "KEY-PRESS DEVICEID=\"AJAZZ_AKP05\" CONTROLID=\"1/3\" KEY=\"1/3\" PRESSED=0\n"
[2026-04-02T02:47:12.112Z] LOG: [COMPANION] KEY-PRESS OK DEVICEID="AJAZZ_AKP05"
[2026-04-02T02:47:12.138Z] LOG: [VISUAL] Companion wants to draw Key 8 at HID index 8
[2026-04-02T02:47:12.211Z] LOG: [SATELLITE TX] "KEY-PRESS DEVICEID=\"AJAZZ_AKP05\" CONTROLID=\"1/3\" KEY=\"1/3\" PRESSED=1\n"
[2026-04-02T02:47:12.213Z] LOG: [COMPANION] KEY-PRESS OK DEVICEID="AJAZZ_AKP05"
[2026-04-02T02:47:12.249Z] LOG: [VISUAL] Companion wants to draw Key 8 at HID index 8
[2026-04-02T02:47:12.291Z] LOG: [SATELLITE TX] "KEY-PRESS DEVICEID=\"AJAZZ_AKP05\" CONTROLID=\"1/3\" KEY=\"1/3\" PRESSED=0\n"
[2026-04-02T02:47:12.329Z] LOG: [COMPANION] KEY-PRESS OK DEVICEID="AJAZZ_AKP05"
[2026-04-02T02:47:12.361Z] LOG: [SATELLITE TX] "KEY-PRESS DEVICEID=\"AJAZZ_AKP05\" CONTROLID=\"1/3\" KEY=\"1/3\" PRESSED=1\n"
[2026-04-02T02:47:12.361Z] LOG: [COMPANION] KEY-PRESS OK DEVICEID="AJAZZ_AKP05"
[2026-04-02T02:47:12.374Z] LOG: [VISUAL] Companion wants to draw Key 8 at HID index 8
[2026-04-02T02:47:12.393Z] LOG: [VISUAL] Companion wants to draw Key 8 at HID index 8
[2026-04-02T02:47:12.441Z] LOG: [SATELLITE TX] "KEY-PRESS DEVICEID=\"AJAZZ_AKP05\" CONTROLID=\"1/3\" KEY=\"1/3\" PRESSED=0\n"
[2026-04-02T02:47:12.441Z] LOG: [COMPANION] KEY-PRESS OK DEVICEID="AJAZZ_AKP05"
[2026-04-02T02:47:12.470Z] LOG: [VISUAL] Companion wants to draw Key 8 at HID index 8
[2026-04-02T02:47:12.571Z] LOG: [SATELLITE TX] "KEY-PRESS DEVICEID=\"AJAZZ_AKP05\" CONTROLID=\"1/2\" KEY=\"1/2\" PRESSED=1\n"
[2026-04-02T02:47:12.572Z] LOG: [COMPANION] KEY-PRESS OK DEVICEID="AJAZZ_AKP05"
[2026-04-02T02:47:12.617Z] LOG: [VISUAL] Companion wants to draw Key 7 at HID index 7
[2026-04-02T02:47:12.631Z] LOG: [SATELLITE TX] "KEY-PRESS DEVICEID=\"AJAZZ_AKP05\" CONTROLID=\"1/2\" KEY=\"1/2\" PRESSED=0\n"
[2026-04-02T02:47:12.632Z] LOG: [COMPANION] KEY-PRESS OK DEVICEID="AJAZZ_AKP05"
[2026-04-02T02:47:12.675Z] LOG: [VISUAL] Companion wants to draw Key 7 at HID index 7
[2026-04-02T02:47:12.731Z] LOG: [SATELLITE TX] "KEY-PRESS DEVICEID=\"AJAZZ_AKP05\" CONTROLID=\"1/2\" KEY=\"1/2\" PRESSED=1\n"
[2026-04-02T02:47:12.732Z] LOG: [COMPANION] KEY-PRESS OK DEVICEID="AJAZZ_AKP05"
[2026-04-02T02:47:12.767Z] LOG: [VISUAL] Companion wants to draw Key 7 at HID index 7
[2026-04-02T02:47:12.791Z] LOG: [SATELLITE TX] "KEY-PRESS DEVICEID=\"AJAZZ_AKP05\" CONTROLID=\"1/2\" KEY=\"1/2\" PRESSED=0\n"
[2026-04-02T02:47:12.792Z] LOG: [COMPANION] KEY-PRESS OK DEVICEID="AJAZZ_AKP05"
[2026-04-02T02:47:12.826Z] LOG: [VISUAL] Companion wants to draw Key 7 at HID index 7
[2026-04-02T02:47:12.891Z] LOG: [SATELLITE TX] "KEY-PRESS DEVICEID=\"AJAZZ_AKP05\" CONTROLID=\"1/2\" KEY=\"1/2\" PRESSED=1\n"
[2026-04-02T02:47:12.891Z] LOG: [COMPANION] KEY-PRESS OK DEVICEID="AJAZZ_AKP05"
[2026-04-02T02:47:12.922Z] LOG: [VISUAL] Companion wants to draw Key 7 at HID index 7
[2026-04-02T02:47:12.971Z] LOG: [SATELLITE TX] "KEY-PRESS DEVICEID=\"AJAZZ_AKP05\" CONTROLID=\"1/2\" KEY=\"1/2\" PRESSED=0\n"
[2026-04-02T02:47:12.972Z] LOG: [COMPANION] KEY-PRESS OK DEVICEID="AJAZZ_AKP05"
[2026-04-02T02:47:13.000Z] LOG: [VISUAL] Companion wants to draw Key 7 at HID index 7
[2026-04-02T02:47:13.011Z] LOG: [SATELLITE TX] "KEY-PRESS DEVICEID=\"AJAZZ_AKP05\" CONTROLID=\"1/2\" KEY=\"1/2\" PRESSED=1\n"
[2026-04-02T02:47:13.012Z] LOG: [COMPANION] KEY-PRESS OK DEVICEID="AJAZZ_AKP05"
[2026-04-02T02:47:13.052Z] LOG: [VISUAL] Companion wants to draw Key 7 at HID index 7
[2026-04-02T02:47:13.071Z] LOG: [SATELLITE TX] "KEY-PRESS DEVICEID=\"AJAZZ_AKP05\" CONTROLID=\"1/2\" KEY=\"1/2\" PRESSED=0\n"
[2026-04-02T02:47:13.072Z] LOG: [COMPANION] KEY-PRESS OK DEVICEID="AJAZZ_AKP05"
[2026-04-02T02:47:13.109Z] LOG: [VISUAL] Companion wants to draw Key 7 at HID index 7
[2026-04-02T02:47:13.411Z] LOG: [SATELLITE TX] "KEY-PRESS DEVICEID=\"AJAZZ_AKP05\" CONTROLID=\"1/1\" KEY=\"1/1\" PRESSED=1\n"
[2026-04-02T02:47:13.412Z] LOG: [COMPANION] KEY-PRESS OK DEVICEID="AJAZZ_AKP05"
[2026-04-02T02:47:13.456Z] LOG: [VISUAL] Companion wants to draw Key 6 at HID index 6
[2026-04-02T02:47:13.471Z] LOG: [SATELLITE TX] "KEY-PRESS DEVICEID=\"AJAZZ_AKP05\" CONTROLID=\"1/1\" KEY=\"1/1\" PRESSED=0\n"
[2026-04-02T02:47:13.472Z] LOG: [COMPANION] KEY-PRESS OK DEVICEID="AJAZZ_AKP05"
[2026-04-02T02:47:13.501Z] LOG: [VISUAL] Companion wants to draw Key 6 at HID index 6
[2026-04-02T02:47:13.571Z] LOG: [SATELLITE TX] "KEY-PRESS DEVICEID=\"AJAZZ_AKP05\" CONTROLID=\"1/1\" KEY=\"1/1\" PRESSED=1\n"
[2026-04-02T02:47:13.571Z] LOG: [COMPANION] KEY-PRESS OK DEVICEID="AJAZZ_AKP05"
[2026-04-02T02:47:13.615Z] LOG: [VISUAL] Companion wants to draw Key 6 at HID index 6
[2026-04-02T02:47:13.631Z] LOG: [SATELLITE TX] "KEY-PRESS DEVICEID=\"AJAZZ_AKP05\" CONTROLID=\"1/1\" KEY=\"1/1\" PRESSED=0\n"
[2026-04-02T02:47:13.631Z] LOG: [COMPANION] KEY-PRESS OK DEVICEID="AJAZZ_AKP05"
[2026-04-02T02:47:13.659Z] LOG: [VISUAL] Companion wants to draw Key 6 at HID index 6
[2026-04-02T02:47:13.911Z] LOG: [SATELLITE TX] "KEY-PRESS DEVICEID=\"AJAZZ_AKP05\" CONTROLID=\"1/0\" KEY=\"1/0\" PRESSED=1\n"
[2026-04-02T02:47:13.911Z] LOG: [COMPANION] KEY-PRESS OK DEVICEID="AJAZZ_AKP05"
[2026-04-02T02:47:13.941Z] LOG: [VISUAL] Companion wants to draw Key 5 at HID index 5
[2026-04-02T02:47:13.991Z] LOG: [SATELLITE TX] "KEY-PRESS DEVICEID=\"AJAZZ_AKP05\" CONTROLID=\"1/0\" KEY=\"1/0\" PRESSED=0\n"
[2026-04-02T02:47:13.991Z] LOG: [COMPANION] KEY-PRESS OK DEVICEID="AJAZZ_AKP05"
[2026-04-02T02:47:14.021Z] LOG: [VISUAL] Companion wants to draw Key 5 at HID index 5
[2026-04-02T02:47:14.121Z] LOG: [SATELLITE TX] "KEY-PRESS DEVICEID=\"AJAZZ_AKP05\" CONTROLID=\"1/0\" KEY=\"1/0\" PRESSED=1\n"
[2026-04-02T02:47:14.121Z] LOG: [COMPANION] KEY-PRESS OK DEVICEID="AJAZZ_AKP05"
[2026-04-02T02:47:14.151Z] LOG: [VISUAL] Companion wants to draw Key 5 at HID index 5
[2026-04-02T02:47:14.161Z] LOG: [SATELLITE TX] "KEY-PRESS DEVICEID=\"AJAZZ_AKP05\" CONTROLID=\"1/0\" KEY=\"1/0\" PRESSED=0\n"
[2026-04-02T02:47:14.162Z] LOG: [COMPANION] KEY-PRESS OK DEVICEID="AJAZZ_AKP05"
[2026-04-02T02:47:14.196Z] LOG: [VISUAL] Companion wants to draw Key 5 at HID index 5
[2026-04-02T02:47:14.671Z] LOG: [SATELLITE TX] "KEY-PRESS DEVICEID=\"AJAZZ_AKP05\" CONTROLID=\"3/4\" KEY=\"3/4\" PRESSED=1\n"
[2026-04-02T02:47:14.672Z] LOG: [COMPANION] KEY-PRESS OK DEVICEID="AJAZZ_AKP05"
[2026-04-02T02:47:14.706Z] LOG: [VISUAL] Companion wants to draw Key 1 at HID index 11
[2026-04-02T02:47:14.707Z] LOG: [VISUAL] Companion wants to draw Key 2 at HID index 12
[2026-04-02T02:47:14.708Z] LOG: [VISUAL] Companion wants to draw Key 3 at HID index 13
[2026-04-02T02:47:14.709Z] LOG: [VISUAL] Companion wants to draw Key 0 at HID index 10
[2026-04-02T02:47:14.709Z] LOG: [VISUAL] Companion wants to draw Key 4 at HID index 14
[2026-04-02T02:47:14.710Z] LOG: [VISUAL] Companion wants to draw Key 6 at HID index 6
[2026-04-02T02:47:14.712Z] LOG: [VISUAL] Companion wants to draw Key 7 at HID index 7
[2026-04-02T02:47:14.712Z] LOG: [VISUAL] Companion wants to draw Key 5 at HID index 5
[2026-04-02T02:47:14.712Z] LOG: [VISUAL] Companion wants to draw Key 8 at HID index 8
[2026-04-02T02:47:14.713Z] LOG: [VISUAL] Companion wants to draw Key 9 at HID index 9
[2026-04-02T02:47:14.714Z] LOG: [VISUAL] Companion wants to draw Key 11 at HID index 1
[2026-04-02T02:47:14.714Z] LOG: [VISUAL] Companion wants to draw Key 12 at HID index 2
[2026-04-02T02:47:14.714Z] LOG: [VISUAL] Companion wants to draw Key 13 at HID index 3
[2026-04-02T02:47:14.716Z] LOG: [VISUAL] Companion wants to draw Key 10 at HID index 0
[2026-04-02T02:47:14.722Z] LOG: [SATELLITE TX] "KEY-PRESS DEVICEID=\"AJAZZ_AKP05\" CONTROLID=\"3/4\" KEY=\"3/4\" PRESSED=0\n"
[2026-04-02T02:47:14.723Z] LOG: [COMPANION] KEY-PRESS OK DEVICEID="AJAZZ_AKP05"
[2026-04-02T02:47:15.461Z] LOG: [SATELLITE TX] "KEY-PRESS DEVICEID=\"AJAZZ_AKP05\" CONTROLID=\"1/0\" KEY=\"1/0\" PRESSED=1\n"
[2026-04-02T02:47:15.466Z] LOG: [COMPANION] KEY-PRESS OK DEVICEID="AJAZZ_AKP05"
[2026-04-02T02:47:15.469Z] LOG: [VISUAL] Companion wants to draw Key 0 at HID index 10
[2026-04-02T02:47:15.469Z] LOG: [VISUAL] Companion wants to draw Key 1 at HID index 11
[2026-04-02T02:47:15.469Z] LOG: [VISUAL] Companion wants to draw Key 2 at HID index 12
[2026-04-02T02:47:15.469Z] LOG: [VISUAL] Companion wants to draw Key 3 at HID index 13
[2026-04-02T02:47:15.472Z] LOG: [VISUAL] Companion wants to draw Key 4 at HID index 14
[2026-04-02T02:47:15.472Z] LOG: [VISUAL] Companion wants to draw Key 5 at HID index 5
[2026-04-02T02:47:15.472Z] LOG: [VISUAL] Companion wants to draw Key 6 at HID index 6
[2026-04-02T02:47:15.473Z] LOG: [VISUAL] Companion wants to draw Key 7 at HID index 7
[2026-04-02T02:47:15.474Z] LOG: [VISUAL] Companion wants to draw Key 8 at HID index 8
[2026-04-02T02:47:15.475Z] LOG: [VISUAL] Companion wants to draw Key 9 at HID index 9
[2026-04-02T02:47:15.476Z] LOG: [VISUAL] Companion wants to draw Key 10 at HID index 0
[2026-04-02T02:47:15.476Z] LOG: [VISUAL] Companion wants to draw Key 11 at HID index 1
[2026-04-02T02:47:15.477Z] LOG: [VISUAL] Companion wants to draw Key 12 at HID index 2
[2026-04-02T02:47:15.478Z] LOG: [VISUAL] Companion wants to draw Key 13 at HID index 3
[2026-04-02T02:47:15.521Z] LOG: [SATELLITE TX] "KEY-PRESS DEVICEID=\"AJAZZ_AKP05\" CONTROLID=\"1/0\" KEY=\"1/0\" PRESSED=0\n"
[2026-04-02T02:47:15.521Z] LOG: [COMPANION] KEY-PRESS OK DEVICEID="AJAZZ_AKP05"
[2026-04-02T02:55:42.232Z] LOG: [HID] Inter-report delay: 0 ms default 0 (set AKP05_HID_WRITE_DELAY_MS to add pacing)
[2026-04-02T02:55:42.257Z] LOG: [HID] Secured. Ajazz AKP05 (VID 300 PID 3004)
[2026-04-02T02:55:43.271Z] LOG: [VISUAL] Connected.
[2026-04-02T02:55:43.273Z] LOG: [VISUAL] BEGIN received; DEVICEID=AJAZZ_AKP05 — sending minimal ADD-DEVICE in 600ms…
[2026-04-02T02:55:43.881Z] LOG: [HANDSHAKE] "ADD-DEVICE DEVICEID=\"AJAZZ_AKP05\" PRODUCT_NAME=\"Ajazz AKP05\" KEYS_TOTAL=25 KEYS_PER_ROW=5 BITMAPS=112\n"
[2026-04-02T02:55:43.881Z] LOG: [DEBUG TX HEX] 4144442d4445564943452044455649434549443d22414a415a5a5f414b503035222050524f445543545f4e414d453d22416a617a7a20414b50303522204b4559535f544f54414c3d3235204b4559535f5045525f524f573d35204249544d4150533d3131320a
[2026-04-02T02:55:43.883Z] LOG: [COMPANION] ADD-DEVICE OK DEVICEID="AJAZZ_AKP05"
[2026-04-02T02:55:43.892Z] LOG: [VISUAL] Companion wants to draw Key 0 at HID index 10
[2026-04-02T02:55:43.894Z] LOG: [VISUAL] Companion wants to draw Key 1 at HID index 11
[2026-04-02T02:55:43.894Z] LOG: [VISUAL] Companion wants to draw Key 2 at HID index 12
[2026-04-02T02:55:43.895Z] LOG: [VISUAL] Companion wants to draw Key 3 at HID index 13
[2026-04-02T02:55:43.895Z] LOG: [VISUAL] Companion wants to draw Key 4 at HID index 14
[2026-04-02T02:55:43.895Z] LOG: [VISUAL] Companion wants to draw Key 5 at HID index 5
[2026-04-02T02:55:43.896Z] LOG: [VISUAL] Companion wants to draw Key 6 at HID index 6
[2026-04-02T02:55:43.898Z] LOG: [VISUAL] Companion wants to draw Key 7 at HID index 7
[2026-04-02T02:55:43.899Z] LOG: [VISUAL] Companion wants to draw Key 8 at HID index 8
[2026-04-02T02:55:43.900Z] LOG: [VISUAL] Companion wants to draw Key 9 at HID index 9
[2026-04-02T02:55:43.901Z] LOG: [VISUAL] Companion wants to draw Key 10 at HID index 0
[2026-04-02T02:55:43.901Z] LOG: [VISUAL] Companion wants to draw Key 11 at HID index 1
[2026-04-02T02:55:43.903Z] LOG: [VISUAL] Companion wants to draw Key 12 at HID index 2
[2026-04-02T02:55:43.904Z] LOG: [VISUAL] Companion wants to draw Key 13 at HID index 3
[2026-04-02T02:55:45.645Z] LOG: [SATELLITE TX] "KEY-PRESS DEVICEID=\"AJAZZ_AKP05\" CONTROLID=\"0/0\" KEY=\"0/0\" PRESSED=1\n"
[2026-04-02T02:55:45.645Z] LOG: [COMPANION] KEY-PRESS OK DEVICEID="AJAZZ_AKP05"
[2026-04-02T02:55:45.683Z] LOG: [VISUAL] Companion wants to draw Key 0 at HID index 10
[2026-04-02T02:55:45.765Z] LOG: [SATELLITE TX] "KEY-PRESS DEVICEID=\"AJAZZ_AKP05\" CONTROLID=\"0/0\" KEY=\"0/0\" PRESSED=0\n"
[2026-04-02T02:55:45.765Z] LOG: [COMPANION] KEY-PRESS OK DEVICEID="AJAZZ_AKP05"
[2026-04-02T02:55:45.790Z] LOG: [VISUAL] Companion wants to draw Key 0 at HID index 10
[2026-04-02T02:55:45.924Z] LOG: [SATELLITE TX] "KEY-PRESS DEVICEID=\"AJAZZ_AKP05\" CONTROLID=\"0/1\" KEY=\"0/1\" PRESSED=1\n"
[2026-04-02T02:55:45.925Z] LOG: [COMPANION] KEY-PRESS OK DEVICEID="AJAZZ_AKP05"
[2026-04-02T02:55:45.945Z] LOG: [VISUAL] Companion wants to draw Key 1 at HID index 11
[2026-04-02T02:55:46.025Z] LOG: [SATELLITE TX] "KEY-PRESS DEVICEID=\"AJAZZ_AKP05\" CONTROLID=\"0/1\" KEY=\"0/1\" PRESSED=0\n"
[2026-04-02T02:55:46.027Z] LOG: [COMPANION] KEY-PRESS OK DEVICEID="AJAZZ_AKP05"
[2026-04-02T02:55:46.060Z] LOG: [VISUAL] Companion wants to draw Key 1 at HID index 11
[2026-04-02T02:55:46.214Z] LOG: [SATELLITE TX] "KEY-PRESS DEVICEID=\"AJAZZ_AKP05\" CONTROLID=\"0/2\" KEY=\"0/2\" PRESSED=1\n"
[2026-04-02T02:55:46.215Z] LOG: [COMPANION] KEY-PRESS OK DEVICEID="AJAZZ_AKP05"
[2026-04-02T02:55:46.242Z] LOG: [VISUAL] Companion wants to draw Key 2 at HID index 12
[2026-04-02T02:55:46.315Z] LOG: [SATELLITE TX] "KEY-PRESS DEVICEID=\"AJAZZ_AKP05\" CONTROLID=\"0/2\" KEY=\"0/2\" PRESSED=0\n"
[2026-04-02T02:55:46.315Z] LOG: [COMPANION] KEY-PRESS OK DEVICEID="AJAZZ_AKP05"
[2026-04-02T02:55:46.349Z] LOG: [VISUAL] Companion wants to draw Key 2 at HID index 12
[2026-04-02T02:55:46.535Z] LOG: [SATELLITE TX] "KEY-PRESS DEVICEID=\"AJAZZ_AKP05\" CONTROLID=\"0/3\" KEY=\"0/3\" PRESSED=1\n"
[2026-04-02T02:55:46.535Z] LOG: [COMPANION] KEY-PRESS OK DEVICEID="AJAZZ_AKP05"
[2026-04-02T02:55:46.590Z] LOG: [VISUAL] Companion wants to draw Key 3 at HID index 13
[2026-04-02T02:55:46.594Z] LOG: [SATELLITE TX] "KEY-PRESS DEVICEID=\"AJAZZ_AKP05\" CONTROLID=\"0/3\" KEY=\"0/3\" PRESSED=0\n"
[2026-04-02T02:55:46.595Z] LOG: [COMPANION] KEY-PRESS OK DEVICEID="AJAZZ_AKP05"
[2026-04-02T02:55:46.612Z] LOG: [VISUAL] Companion wants to draw Key 3 at HID index 13
[2026-04-02T02:55:46.845Z] LOG: [SATELLITE TX] "KEY-PRESS DEVICEID=\"AJAZZ_AKP05\" CONTROLID=\"0/4\" KEY=\"0/4\" PRESSED=1\n"
[2026-04-02T02:55:46.845Z] LOG: [COMPANION] KEY-PRESS OK DEVICEID="AJAZZ_AKP05"
[2026-04-02T02:55:46.869Z] LOG: [VISUAL] Companion wants to draw Key 4 at HID index 14
[2026-04-02T02:55:46.965Z] LOG: [SATELLITE TX] "KEY-PRESS DEVICEID=\"AJAZZ_AKP05\" CONTROLID=\"0/4\" KEY=\"0/4\" PRESSED=0\n"
[2026-04-02T02:55:46.979Z] LOG: [COMPANION] KEY-PRESS OK DEVICEID="AJAZZ_AKP05"
[2026-04-02T02:55:47.018Z] LOG: [VISUAL] Companion wants to draw Key 4 at HID index 14
[2026-04-02T02:55:47.275Z] LOG: [SATELLITE TX] "KEY-PRESS DEVICEID=\"AJAZZ_AKP05\" CONTROLID=\"1/4\" KEY=\"1/4\" PRESSED=1\n"
[2026-04-02T02:55:47.275Z] LOG: [COMPANION] KEY-PRESS OK DEVICEID="AJAZZ_AKP05"
[2026-04-02T02:55:47.307Z] LOG: [VISUAL] Companion wants to draw Key 9 at HID index 9
[2026-04-02T02:55:47.374Z] LOG: [SATELLITE TX] "KEY-PRESS DEVICEID=\"AJAZZ_AKP05\" CONTROLID=\"1/4\" KEY=\"1/4\" PRESSED=0\n"
[2026-04-02T02:55:47.375Z] LOG: [COMPANION] KEY-PRESS OK DEVICEID="AJAZZ_AKP05"
[2026-04-02T02:55:47.399Z] LOG: [VISUAL] Companion wants to draw Key 9 at HID index 9
[2026-04-02T02:55:47.564Z] LOG: [SATELLITE TX] "KEY-PRESS DEVICEID=\"AJAZZ_AKP05\" CONTROLID=\"1/3\" KEY=\"1/3\" PRESSED=1\n"
[2026-04-02T02:55:47.565Z] LOG: [COMPANION] KEY-PRESS OK DEVICEID="AJAZZ_AKP05"
[2026-04-02T02:55:47.596Z] LOG: [VISUAL] Companion wants to draw Key 8 at HID index 8
[2026-04-02T02:55:47.644Z] LOG: [SATELLITE TX] "KEY-PRESS DEVICEID=\"AJAZZ_AKP05\" CONTROLID=\"1/3\" KEY=\"1/3\" PRESSED=0\n"
[2026-04-02T02:55:47.659Z] LOG: [COMPANION] KEY-PRESS OK DEVICEID="AJAZZ_AKP05"
[2026-04-02T02:55:47.689Z] LOG: [VISUAL] Companion wants to draw Key 8 at HID index 8
[2026-04-02T02:55:47.835Z] LOG: [SATELLITE TX] "KEY-PRESS DEVICEID=\"AJAZZ_AKP05\" CONTROLID=\"1/2\" KEY=\"1/2\" PRESSED=1\n"
[2026-04-02T02:55:47.835Z] LOG: [COMPANION] KEY-PRESS OK DEVICEID="AJAZZ_AKP05"
[2026-04-02T02:55:47.854Z] LOG: [VISUAL] Companion wants to draw Key 7 at HID index 7
[2026-04-02T02:55:47.914Z] LOG: [SATELLITE TX] "KEY-PRESS DEVICEID=\"AJAZZ_AKP05\" CONTROLID=\"1/2\" KEY=\"1/2\" PRESSED=0\n"
[2026-04-02T02:55:47.915Z] LOG: [COMPANION] KEY-PRESS OK DEVICEID="AJAZZ_AKP05"
[2026-04-02T02:55:47.941Z] LOG: [VISUAL] Companion wants to draw Key 7 at HID index 7
[2026-04-02T02:55:48.104Z] LOG: [SATELLITE TX] "KEY-PRESS DEVICEID=\"AJAZZ_AKP05\" CONTROLID=\"1/1\" KEY=\"1/1\" PRESSED=1\n"
[2026-04-02T02:55:48.107Z] LOG: [COMPANION] KEY-PRESS OK DEVICEID="AJAZZ_AKP05"
[2026-04-02T02:55:48.143Z] LOG: [VISUAL] Companion wants to draw Key 6 at HID index 6
[2026-04-02T02:55:48.144Z] LOG: [SATELLITE TX] "KEY-PRESS DEVICEID=\"AJAZZ_AKP05\" CONTROLID=\"1/1\" KEY=\"1/1\" PRESSED=0\n"
[2026-04-02T02:55:48.145Z] LOG: [COMPANION] KEY-PRESS OK DEVICEID="AJAZZ_AKP05"
[2026-04-02T02:55:48.173Z] LOG: [VISUAL] Companion wants to draw Key 6 at HID index 6
[2026-04-02T02:55:48.334Z] LOG: [SATELLITE TX] "KEY-PRESS DEVICEID=\"AJAZZ_AKP05\" CONTROLID=\"1/0\" KEY=\"1/0\" PRESSED=1\n"
[2026-04-02T02:55:48.335Z] LOG: [COMPANION] KEY-PRESS OK DEVICEID="AJAZZ_AKP05"
[2026-04-02T02:55:48.360Z] LOG: [VISUAL] Companion wants to draw Key 5 at HID index 5
[2026-04-02T02:55:48.395Z] LOG: [SATELLITE TX] "KEY-PRESS DEVICEID=\"AJAZZ_AKP05\" CONTROLID=\"1/0\" KEY=\"1/0\" PRESSED=0\n"
[2026-04-02T02:55:48.395Z] LOG: [COMPANION] KEY-PRESS OK DEVICEID="AJAZZ_AKP05"
[2026-04-02T02:55:48.425Z] LOG: [VISUAL] Companion wants to draw Key 5 at HID index 5
[2026-04-02T02:55:49.415Z] LOG: [SATELLITE TX] "KEY-PRESS DEVICEID=\"AJAZZ_AKP05\" CONTROLID=\"3/4\" KEY=\"3/4\" PRESSED=1\n"
[2026-04-02T02:55:49.416Z] LOG: [COMPANION] KEY-PRESS OK DEVICEID="AJAZZ_AKP05"
[2026-04-02T02:55:49.441Z] LOG: [VISUAL] Companion wants to draw Key 1 at HID index 11
[2026-04-02T02:55:49.441Z] LOG: [VISUAL] Companion wants to draw Key 0 at HID index 10
[2026-04-02T02:55:49.441Z] LOG: [VISUAL] Companion wants to draw Key 3 at HID index 13
[2026-04-02T02:55:49.441Z] LOG: [VISUAL] Companion wants to draw Key 2 at HID index 12
[2026-04-02T02:55:49.442Z] LOG: [VISUAL] Companion wants to draw Key 4 at HID index 14
[2026-04-02T02:55:49.444Z] LOG: [VISUAL] Companion wants to draw Key 6 at HID index 6
[2026-04-02T02:55:49.444Z] LOG: [VISUAL] Companion wants to draw Key 7 at HID index 7
[2026-04-02T02:55:49.444Z] LOG: [VISUAL] Companion wants to draw Key 8 at HID index 8
[2026-04-02T02:55:49.444Z] LOG: [VISUAL] Companion wants to draw Key 5 at HID index 5
[2026-04-02T02:55:49.444Z] LOG: [VISUAL] Companion wants to draw Key 9 at HID index 9
[2026-04-02T02:55:49.445Z] LOG: [VISUAL] Companion wants to draw Key 11 at HID index 1
[2026-04-02T02:55:49.445Z] LOG: [VISUAL] Companion wants to draw Key 12 at HID index 2
[2026-04-02T02:55:49.446Z] LOG: [VISUAL] Companion wants to draw Key 13 at HID index 3
[2026-04-02T02:55:49.447Z] LOG: [VISUAL] Companion wants to draw Key 10 at HID index 0
[2026-04-02T02:55:49.464Z] LOG: [SATELLITE TX] "KEY-PRESS DEVICEID=\"AJAZZ_AKP05\" CONTROLID=\"3/4\" KEY=\"3/4\" PRESSED=0\n"
[2026-04-02T02:55:49.465Z] LOG: [COMPANION] KEY-PRESS OK DEVICEID="AJAZZ_AKP05"
[2026-04-02T02:55:50.105Z] LOG: [SATELLITE TX] "KEY-PRESS DEVICEID=\"AJAZZ_AKP05\" CONTROLID=\"2/4\" KEY=\"2/4\" PRESSED=1\n"
[2026-04-02T02:55:50.105Z] LOG: [COMPANION] KEY-PRESS OK DEVICEID="AJAZZ_AKP05"
[2026-04-02T02:55:50.170Z] LOG: [SATELLITE TX] "KEY-PRESS DEVICEID=\"AJAZZ_AKP05\" CONTROLID=\"2/4\" KEY=\"2/4\" PRESSED=0\n"
[2026-04-02T02:55:50.170Z] LOG: [COMPANION] KEY-PRESS OK DEVICEID="AJAZZ_AKP05"
[2026-04-02T02:55:50.495Z] LOG: [SATELLITE TX] "KEY-PRESS DEVICEID=\"AJAZZ_AKP05\" CONTROLID=\"2/0\" KEY=\"2/0\" PRESSED=1\n"
[2026-04-02T02:55:50.499Z] LOG: [COMPANION] KEY-PRESS OK DEVICEID="AJAZZ_AKP05"
[2026-04-02T02:55:50.502Z] LOG: [VISUAL] Companion wants to draw Key 0 at HID index 10
[2026-04-02T02:55:50.502Z] LOG: [VISUAL] Companion wants to draw Key 1 at HID index 11
[2026-04-02T02:55:50.503Z] LOG: [VISUAL] Companion wants to draw Key 3 at HID index 13
[2026-04-02T02:55:50.504Z] LOG: [VISUAL] Companion wants to draw Key 2 at HID index 12
[2026-04-02T02:55:50.505Z] LOG: [VISUAL] Companion wants to draw Key 4 at HID index 14
[2026-04-02T02:55:50.506Z] LOG: [VISUAL] Companion wants to draw Key 5 at HID index 5
[2026-04-02T02:55:50.506Z] LOG: [VISUAL] Companion wants to draw Key 6 at HID index 6
[2026-04-02T02:55:50.507Z] LOG: [VISUAL] Companion wants to draw Key 7 at HID index 7
[2026-04-02T02:55:50.507Z] LOG: [VISUAL] Companion wants to draw Key 8 at HID index 8
[2026-04-02T02:55:50.508Z] LOG: [VISUAL] Companion wants to draw Key 9 at HID index 9
[2026-04-02T02:55:50.509Z] LOG: [VISUAL] Companion wants to draw Key 10 at HID index 0
[2026-04-02T02:55:50.509Z] LOG: [VISUAL] Companion wants to draw Key 11 at HID index 1
[2026-04-02T02:55:50.510Z] LOG: [VISUAL] Companion wants to draw Key 12 at HID index 2
[2026-04-02T02:55:50.511Z] LOG: [VISUAL] Companion wants to draw Key 13 at HID index 3
[2026-04-02T02:55:50.546Z] LOG: [SATELLITE TX] "KEY-PRESS DEVICEID=\"AJAZZ_AKP05\" CONTROLID=\"2/0\" KEY=\"2/0\" PRESSED=0\n"
[2026-04-02T02:55:50.547Z] LOG: [COMPANION] KEY-PRESS OK DEVICEID="AJAZZ_AKP05"
[2026-04-02T02:55:51.518Z] LOG: [SATELLITE TX] "KEY-ROTATE DEVICEID=\"AJAZZ_AKP05\" CONTROLID=\"3/0\" KEY=\"3/0\" DIRECTION=0\n"
[2026-04-02T02:55:51.519Z] LOG: [COMPANION] KEY-ROTATE OK DEVICEID="AJAZZ_AKP05"
[2026-04-02T02:55:51.536Z] LOG: [SATELLITE TX] "KEY-ROTATE DEVICEID=\"AJAZZ_AKP05\" CONTROLID=\"3/0\" KEY=\"3/0\" DIRECTION=0\n"
[2026-04-02T02:55:51.537Z] LOG: [COMPANION] KEY-ROTATE OK DEVICEID="AJAZZ_AKP05"
[2026-04-02T02:55:51.549Z] LOG: [SATELLITE TX] "KEY-ROTATE DEVICEID=\"AJAZZ_AKP05\" CONTROLID=\"3/0\" KEY=\"3/0\" DIRECTION=0\n"
[2026-04-02T02:55:51.549Z] LOG: [COMPANION] KEY-ROTATE OK DEVICEID="AJAZZ_AKP05"
[2026-04-02T02:55:51.578Z] LOG: [SATELLITE TX] "KEY-ROTATE DEVICEID=\"AJAZZ_AKP05\" CONTROLID=\"3/0\" KEY=\"3/0\" DIRECTION=0\n"
[2026-04-02T02:55:51.579Z] LOG: [COMPANION] KEY-ROTATE OK DEVICEID="AJAZZ_AKP05"
[2026-04-02T02:55:51.639Z] LOG: [SATELLITE TX] "KEY-ROTATE DEVICEID=\"AJAZZ_AKP05\" CONTROLID=\"3/0\" KEY=\"3/0\" DIRECTION=1\n"
[2026-04-02T02:55:51.639Z] LOG: [COMPANION] KEY-ROTATE OK DEVICEID="AJAZZ_AKP05"
[2026-04-02T02:55:51.676Z] LOG: [SATELLITE TX] "KEY-ROTATE DEVICEID=\"AJAZZ_AKP05\" CONTROLID=\"3/0\" KEY=\"3/0\" DIRECTION=1\n"
[2026-04-02T02:55:51.676Z] LOG: [COMPANION] KEY-ROTATE OK DEVICEID="AJAZZ_AKP05"
[2026-04-02T02:55:51.778Z] LOG: [SATELLITE TX] "KEY-ROTATE DEVICEID=\"AJAZZ_AKP05\" CONTROLID=\"3/0\" KEY=\"3/0\" DIRECTION=1\n"
[2026-04-02T02:55:51.778Z] LOG: [COMPANION] KEY-ROTATE OK DEVICEID="AJAZZ_AKP05"
[2026-04-02T02:55:51.807Z] LOG: [SATELLITE TX] "KEY-ROTATE DEVICEID=\"AJAZZ_AKP05\" CONTROLID=\"3/0\" KEY=\"3/0\" DIRECTION=1\n"
[2026-04-02T02:55:51.808Z] LOG: [COMPANION] KEY-ROTATE OK DEVICEID="AJAZZ_AKP05"
[2026-04-02T02:55:51.838Z] LOG: [SATELLITE TX] "KEY-ROTATE DEVICEID=\"AJAZZ_AKP05\" CONTROLID=\"3/0\" KEY=\"3/0\" DIRECTION=1\n"
[2026-04-02T02:55:51.838Z] LOG: [COMPANION] KEY-ROTATE OK DEVICEID="AJAZZ_AKP05"
[2026-04-02T02:55:52.650Z] LOG: [SATELLITE TX] "KEY-ROTATE DEVICEID=\"AJAZZ_AKP05\" CONTROLID=\"3/1\" KEY=\"3/1\" DIRECTION=0\n"
[2026-04-02T02:55:52.651Z] LOG: [COMPANION] KEY-ROTATE OK DEVICEID="AJAZZ_AKP05"
[2026-04-02T02:55:53.226Z] LOG: [SATELLITE TX] "KEY-ROTATE DEVICEID=\"AJAZZ_AKP05\" CONTROLID=\"3/2\" KEY=\"3/2\" DIRECTION=1\n"
[2026-04-02T02:55:53.227Z] LOG: [COMPANION] KEY-ROTATE OK DEVICEID="AJAZZ_AKP05"
[2026-04-02T02:55:53.427Z] LOG: [SATELLITE TX] "KEY-ROTATE DEVICEID=\"AJAZZ_AKP05\" CONTROLID=\"3/2\" KEY=\"3/2\" DIRECTION=0\n"
[2026-04-02T02:55:53.428Z] LOG: [COMPANION] KEY-ROTATE OK DEVICEID="AJAZZ_AKP05"
[2026-04-02T02:55:53.449Z] LOG: [SATELLITE TX] "KEY-ROTATE DEVICEID=\"AJAZZ_AKP05\" CONTROLID=\"3/2\" KEY=\"3/2\" DIRECTION=0\n"
[2026-04-02T02:55:53.450Z] LOG: [COMPANION] KEY-ROTATE OK DEVICEID="AJAZZ_AKP05"
[2026-04-02T02:55:53.530Z] LOG: [SATELLITE TX] "KEY-ROTATE DEVICEID=\"AJAZZ_AKP05\" CONTROLID=\"3/2\" KEY=\"3/2\" DIRECTION=1\n"
[2026-04-02T02:55:53.531Z] LOG: [COMPANION] KEY-ROTATE OK DEVICEID="AJAZZ_AKP05"
[2026-04-02T02:55:54.101Z] LOG: [SATELLITE TX] "KEY-ROTATE DEVICEID=\"AJAZZ_AKP05\" CONTROLID=\"3/3\" KEY=\"3/3\" DIRECTION=1\n"
[2026-04-02T02:55:54.102Z] LOG: [COMPANION] KEY-ROTATE OK DEVICEID="AJAZZ_AKP05"
[2026-04-02T02:55:54.139Z] LOG: [SATELLITE TX] "KEY-ROTATE DEVICEID=\"AJAZZ_AKP05\" CONTROLID=\"3/3\" KEY=\"3/3\" DIRECTION=1\n"
[2026-04-02T02:55:54.140Z] LOG: [COMPANION] KEY-ROTATE OK DEVICEID="AJAZZ_AKP05"
[2026-04-02T03:08:09.655Z] LOG: [HID] Inter-report delay: 0 ms default 0 (set AKP05_HID_WRITE_DELAY_MS to add pacing)
[2026-04-02T03:08:09.680Z] LOG: [HID] Secured. Ajazz AKP05 (VID 300 PID 3004)
[2026-04-02T03:08:10.695Z] LOG: [VISUAL] Connected.
[2026-04-02T03:08:10.696Z] LOG: [VISUAL] BEGIN received; DEVICEID=AJAZZ_AKP05 — sending minimal ADD-DEVICE in 600ms…
[2026-04-02T03:08:11.308Z] LOG: [HANDSHAKE] "ADD-DEVICE DEVICEID=\"AJAZZ_AKP05\" PRODUCT_NAME=\"Ajazz AKP05\" KEYS_TOTAL=25 KEYS_PER_ROW=5 BITMAPS=112\n"
[2026-04-02T03:08:11.309Z] LOG: [DEBUG TX HEX] 4144442d4445564943452044455649434549443d22414a415a5a5f414b503035222050524f445543545f4e414d453d22416a617a7a20414b50303522204b4559535f544f54414c3d3235204b4559535f5045525f524f573d35204249544d4150533d3131320a
[2026-04-02T03:08:11.313Z] LOG: [COMPANION] ADD-DEVICE OK DEVICEID="AJAZZ_AKP05"
[2026-04-02T03:08:11.322Z] LOG: [VISUAL] Companion wants to draw Key 1 at HID index 11
[2026-04-02T03:08:11.324Z] LOG: [VISUAL] Companion wants to draw Key 2 at HID index 12
[2026-04-02T03:08:11.325Z] LOG: [VISUAL] Companion wants to draw Key 3 at HID index 13
[2026-04-02T03:08:11.326Z] LOG: [VISUAL] Companion wants to draw Key 0 at HID index 10
[2026-04-02T03:08:11.326Z] LOG: [VISUAL] Companion wants to draw Key 4 at HID index 14
[2026-04-02T03:08:11.327Z] LOG: [VISUAL] Companion wants to draw Key 5 at HID index 5
[2026-04-02T03:08:11.327Z] LOG: [VISUAL] Companion wants to draw Key 6 at HID index 6
[2026-04-02T03:08:11.328Z] LOG: [VISUAL] Companion wants to draw Key 7 at HID index 7
[2026-04-02T03:08:11.328Z] LOG: [VISUAL] Companion wants to draw Key 8 at HID index 8
[2026-04-02T03:08:11.329Z] LOG: [VISUAL] Companion wants to draw Key 9 at HID index 9
[2026-04-02T03:08:11.330Z] LOG: [VISUAL] Companion wants to draw Key 10 at HID index 0
[2026-04-02T03:08:11.330Z] LOG: [VISUAL] Companion wants to draw Key 11 at HID index 1
[2026-04-02T03:08:11.331Z] LOG: [VISUAL] Companion wants to draw Key 12 at HID index 2
[2026-04-02T03:08:11.331Z] LOG: [VISUAL] Companion wants to draw Key 13 at HID index 3
[2026-04-02T03:08:31.032Z] LOG: [HID] Inter-report delay: 0 ms default 0 (set AKP05_HID_WRITE_DELAY_MS to add pacing)
[2026-04-02T03:08:31.065Z] LOG: [HID] Secured. Ajazz AKP05 (VID 300 PID 3004)
[2026-04-02T03:08:32.069Z] LOG: [VISUAL] Connected.
[2026-04-02T03:08:32.071Z] LOG: [VISUAL] BEGIN received; DEVICEID=AJAZZ_AKP05 — sending minimal ADD-DEVICE in 600ms…
[2026-04-02T03:08:32.675Z] LOG: [HANDSHAKE] "ADD-DEVICE DEVICEID=\"AJAZZ_AKP05\" PRODUCT_NAME=\"Ajazz AKP05\" KEYS_TOTAL=25 KEYS_PER_ROW=5 BITMAPS=112\n"
[2026-04-02T03:08:32.676Z] LOG: [DEBUG TX HEX] 4144442d4445564943452044455649434549443d22414a415a5a5f414b503035222050524f445543545f4e414d453d22416a617a7a20414b50303522204b4559535f544f54414c3d3235204b4559535f5045525f524f573d35204249544d4150533d3131320a
[2026-04-02T03:08:32.684Z] LOG: [COMPANION] ADD-DEVICE OK DEVICEID="AJAZZ_AKP05"
[2026-04-02T03:08:32.700Z] LOG: [VISUAL] Companion wants to draw Key 0 at HID index 10
[2026-04-02T03:08:32.702Z] LOG: [VISUAL] Companion wants to draw Key 1 at HID index 11
[2026-04-02T03:08:32.706Z] LOG: [VISUAL] Companion wants to draw Key 2 at HID index 12
[2026-04-02T03:08:32.706Z] LOG: [VISUAL] Companion wants to draw Key 3 at HID index 13
[2026-04-02T03:08:32.707Z] LOG: [VISUAL] Companion wants to draw Key 5 at HID index 5
[2026-04-02T03:08:32.709Z] LOG: [VISUAL] Companion wants to draw Key 4 at HID index 14
[2026-04-02T03:08:32.711Z] LOG: [VISUAL] Companion wants to draw Key 6 at HID index 6
[2026-04-02T03:08:32.711Z] LOG: [VISUAL] Companion wants to draw Key 7 at HID index 7
[2026-04-02T03:08:32.711Z] LOG: [VISUAL] Companion wants to draw Key 8 at HID index 8
[2026-04-02T03:08:32.712Z] LOG: [VISUAL] Companion wants to draw Key 9 at HID index 9
[2026-04-02T03:08:32.714Z] LOG: [VISUAL] Companion wants to draw Key 10 at HID index 0
[2026-04-02T03:08:32.714Z] LOG: [VISUAL] Companion wants to draw Key 11 at HID index 1
[2026-04-02T03:08:32.715Z] LOG: [VISUAL] Companion wants to draw Key 12 at HID index 2
[2026-04-02T03:08:32.715Z] LOG: [VISUAL] Companion wants to draw Key 13 at HID index 3
[2026-04-02T03:08:34.164Z] LOG: [SATELLITE TX] "KEY-PRESS DEVICEID=\"AJAZZ_AKP05\" CONTROLID=\"1/1\" KEY=\"1/1\" PRESSED=1\n"
[2026-04-02T03:08:34.166Z] LOG: [COMPANION] KEY-PRESS OK DEVICEID="AJAZZ_AKP05"
[2026-04-02T03:08:34.190Z] LOG: [VISUAL] Companion wants to draw Key 6 at HID index 6
[2026-04-02T03:08:34.223Z] LOG: [SATELLITE TX] "KEY-PRESS DEVICEID=\"AJAZZ_AKP05\" CONTROLID=\"1/1\" KEY=\"1/1\" PRESSED=0\n"
[2026-04-02T03:08:34.224Z] LOG: [COMPANION] KEY-PRESS OK DEVICEID="AJAZZ_AKP05"
[2026-04-02T03:08:34.252Z] LOG: [VISUAL] Companion wants to draw Key 6 at HID index 6
[2026-04-02T03:08:34.414Z] LOG: [SATELLITE TX] "KEY-PRESS DEVICEID=\"AJAZZ_AKP05\" CONTROLID=\"1/2\" KEY=\"1/2\" PRESSED=1\n"
[2026-04-02T03:08:34.415Z] LOG: [COMPANION] KEY-PRESS OK DEVICEID="AJAZZ_AKP05"
[2026-04-02T03:08:34.438Z] LOG: [VISUAL] Companion wants to draw Key 7 at HID index 7
[2026-04-02T03:08:34.474Z] LOG: [SATELLITE TX] "KEY-PRESS DEVICEID=\"AJAZZ_AKP05\" CONTROLID=\"1/2\" KEY=\"1/2\" PRESSED=0\n"
[2026-04-02T03:08:34.474Z] LOG: [COMPANION] KEY-PRESS OK DEVICEID="AJAZZ_AKP05"
[2026-04-02T03:08:34.504Z] LOG: [VISUAL] Companion wants to draw Key 7 at HID index 7
[2026-04-02T03:16:25.590Z] LOG: [HID] Inter-report delay: 0 ms default 0 (set AKP05_HID_WRITE_DELAY_MS to add pacing)
[2026-04-02T03:16:25.614Z] LOG: [HID] Secured. Ajazz AKP05 (VID 300 PID 3004)
[2026-04-02T03:16:26.620Z] LOG: [VISUAL] Connected.
[2026-04-02T03:16:26.621Z] LOG: [VISUAL] BEGIN received; DEVICEID=AJAZZ_AKP05 — sending minimal ADD-DEVICE in 600ms…
[2026-04-02T03:16:27.232Z] LOG: [HANDSHAKE] "ADD-DEVICE DEVICEID=\"AJAZZ_AKP05\" PRODUCT_NAME=\"Ajazz AKP05\" KEYS_TOTAL=25 KEYS_PER_ROW=5 BITMAPS=112\n"
[2026-04-02T03:16:27.232Z] LOG: [DEBUG TX HEX] 4144442d4445564943452044455649434549443d22414a415a5a5f414b503035222050524f445543545f4e414d453d22416a617a7a20414b50303522204b4559535f544f54414c3d3235204b4559535f5045525f524f573d35204249544d4150533d3131320a
[2026-04-02T03:16:27.236Z] LOG: [COMPANION] ADD-DEVICE OK DEVICEID="AJAZZ_AKP05"
[2026-04-02T03:16:27.245Z] LOG: [VISUAL] Companion wants to draw Key 0 at HID index 10
[2026-04-02T03:16:27.248Z] LOG: [VISUAL] Companion wants to draw Key 1 at HID index 11
[2026-04-02T03:16:27.248Z] LOG: [VISUAL] Companion wants to draw Key 2 at HID index 12
[2026-04-02T03:16:27.249Z] LOG: [VISUAL] Companion wants to draw Key 3 at HID index 13
[2026-04-02T03:16:27.249Z] LOG: [VISUAL] Companion wants to draw Key 4 at HID index 14
[2026-04-02T03:16:27.249Z] LOG: [VISUAL] Companion wants to draw Key 5 at HID index 5
[2026-04-02T03:16:27.250Z] LOG: [VISUAL] Companion wants to draw Key 6 at HID index 6
[2026-04-02T03:16:27.251Z] LOG: [VISUAL] Companion wants to draw Key 7 at HID index 7
[2026-04-02T03:16:27.252Z] LOG: [VISUAL] Companion wants to draw Key 8 at HID index 8
[2026-04-02T03:16:27.252Z] LOG: [VISUAL] Companion wants to draw Key 9 at HID index 9
[2026-04-02T03:16:27.253Z] LOG: [VISUAL] Companion wants to draw Key 10 at HID index 0
[2026-04-02T03:16:27.253Z] LOG: [VISUAL] Companion wants to draw Key 11 at HID index 1
[2026-04-02T03:16:27.254Z] LOG: [VISUAL] Companion wants to draw Key 12 at HID index 2
[2026-04-02T03:16:27.255Z] LOG: [VISUAL] Companion wants to draw Key 13 at HID index 3
[2026-04-02T03:18:04.947Z] LOG: [SATELLITE TX] "KEY-PRESS DEVICEID=\"AJAZZ_AKP05\" CONTROLID=\"0/0\" KEY=\"0/0\" PRESSED=1\n"
[2026-04-02T03:18:04.949Z] LOG: [COMPANION] KEY-PRESS OK DEVICEID="AJAZZ_AKP05"
[2026-04-02T03:18:04.985Z] LOG: [VISUAL] Companion wants to draw Key 0 at HID index 10
[2026-04-02T03:18:05.066Z] LOG: [SATELLITE TX] "KEY-PRESS DEVICEID=\"AJAZZ_AKP05\" CONTROLID=\"0/0\" KEY=\"0/0\" PRESSED=0\n"
[2026-04-02T03:18:05.067Z] LOG: [COMPANION] KEY-PRESS OK DEVICEID="AJAZZ_AKP05"
[2026-04-02T03:18:05.102Z] LOG: [VISUAL] Companion wants to draw Key 0 at HID index 10
[2026-04-02T03:18:05.346Z] LOG: [SATELLITE TX] "KEY-PRESS DEVICEID=\"AJAZZ_AKP05\" CONTROLID=\"0/1\" KEY=\"0/1\" PRESSED=1\n"
[2026-04-02T03:18:05.347Z] LOG: [COMPANION] KEY-PRESS OK DEVICEID="AJAZZ_AKP05"
[2026-04-02T03:18:05.385Z] LOG: [VISUAL] Companion wants to draw Key 1 at HID index 11
[2026-04-02T03:18:05.446Z] LOG: [SATELLITE TX] "KEY-PRESS DEVICEID=\"AJAZZ_AKP05\" CONTROLID=\"0/1\" KEY=\"0/1\" PRESSED=0\n"
[2026-04-02T03:18:05.447Z] LOG: [COMPANION] KEY-PRESS OK DEVICEID="AJAZZ_AKP05"
[2026-04-02T03:18:05.494Z] LOG: [VISUAL] Companion wants to draw Key 1 at HID index 11
[2026-04-02T03:18:05.667Z] LOG: [SATELLITE TX] "KEY-PRESS DEVICEID=\"AJAZZ_AKP05\" CONTROLID=\"0/2\" KEY=\"0/2\" PRESSED=1\n"
[2026-04-02T03:18:05.667Z] LOG: [COMPANION] KEY-PRESS OK DEVICEID="AJAZZ_AKP05"
[2026-04-02T03:18:05.695Z] LOG: [VISUAL] Companion wants to draw Key 2 at HID index 12
[2026-04-02T03:18:05.726Z] LOG: [SATELLITE TX] "KEY-PRESS DEVICEID=\"AJAZZ_AKP05\" CONTROLID=\"0/2\" KEY=\"0/2\" PRESSED=0\n"
[2026-04-02T03:18:05.727Z] LOG: [COMPANION] KEY-PRESS OK DEVICEID="AJAZZ_AKP05"
[2026-04-02T03:18:05.758Z] LOG: [VISUAL] Companion wants to draw Key 2 at HID index 12
[2026-04-02T03:18:05.917Z] LOG: [SATELLITE TX] "KEY-PRESS DEVICEID=\"AJAZZ_AKP05\" CONTROLID=\"0/3\" KEY=\"0/3\" PRESSED=1\n"
[2026-04-02T03:18:05.917Z] LOG: [COMPANION] KEY-PRESS OK DEVICEID="AJAZZ_AKP05"
[2026-04-02T03:18:05.944Z] LOG: [VISUAL] Companion wants to draw Key 3 at HID index 13
[2026-04-02T03:18:05.996Z] LOG: [SATELLITE TX] "KEY-PRESS DEVICEID=\"AJAZZ_AKP05\" CONTROLID=\"0/3\" KEY=\"0/3\" PRESSED=0\n"
[2026-04-02T03:18:05.997Z] LOG: [COMPANION] KEY-PRESS OK DEVICEID="AJAZZ_AKP05"
[2026-04-02T03:18:06.040Z] LOG: [VISUAL] Companion wants to draw Key 3 at HID index 13
[2026-04-02T03:18:06.186Z] LOG: [SATELLITE TX] "KEY-PRESS DEVICEID=\"AJAZZ_AKP05\" CONTROLID=\"0/4\" KEY=\"0/4\" PRESSED=1\n"
[2026-04-02T03:18:06.187Z] LOG: [COMPANION] KEY-PRESS OK DEVICEID="AJAZZ_AKP05"
[2026-04-02T03:18:06.229Z] LOG: [VISUAL] Companion wants to draw Key 4 at HID index 14
[2026-04-02T03:18:06.286Z] LOG: [SATELLITE TX] "KEY-PRESS DEVICEID=\"AJAZZ_AKP05\" CONTROLID=\"0/4\" KEY=\"0/4\" PRESSED=0\n"
[2026-04-02T03:18:06.287Z] LOG: [COMPANION] KEY-PRESS OK DEVICEID="AJAZZ_AKP05"
[2026-04-02T03:18:06.321Z] LOG: [VISUAL] Companion wants to draw Key 4 at HID index 14
[2026-04-02T03:18:06.746Z] LOG: [SATELLITE TX] "KEY-PRESS DEVICEID=\"AJAZZ_AKP05\" CONTROLID=\"1/3\" KEY=\"1/3\" PRESSED=1\n"
[2026-04-02T03:18:06.747Z] LOG: [COMPANION] KEY-PRESS OK DEVICEID="AJAZZ_AKP05"
[2026-04-02T03:18:06.802Z] LOG: [VISUAL] Companion wants to draw Key 8 at HID index 8
[2026-04-02T03:18:06.886Z] LOG: [SATELLITE TX] "KEY-PRESS DEVICEID=\"AJAZZ_AKP05\" CONTROLID=\"1/3\" KEY=\"1/3\" PRESSED=0\n"
[2026-04-02T03:18:06.887Z] LOG: [COMPANION] KEY-PRESS OK DEVICEID="AJAZZ_AKP05"
[2026-04-02T03:18:06.914Z] LOG: [VISUAL] Companion wants to draw Key 8 at HID index 8
[2026-04-02T03:18:07.046Z] LOG: [SATELLITE TX] "KEY-PRESS DEVICEID=\"AJAZZ_AKP05\" CONTROLID=\"1/4\" KEY=\"1/4\" PRESSED=1\n"
[2026-04-02T03:18:07.047Z] LOG: [COMPANION] KEY-PRESS OK DEVICEID="AJAZZ_AKP05"
[2026-04-02T03:18:07.081Z] LOG: [VISUAL] Companion wants to draw Key 9 at HID index 9
[2026-04-02T03:18:07.147Z] LOG: [SATELLITE TX] "KEY-PRESS DEVICEID=\"AJAZZ_AKP05\" CONTROLID=\"1/4\" KEY=\"1/4\" PRESSED=0\n"
[2026-04-02T03:18:07.147Z] LOG: [COMPANION] KEY-PRESS OK DEVICEID="AJAZZ_AKP05"
[2026-04-02T03:18:07.177Z] LOG: [VISUAL] Companion wants to draw Key 9 at HID index 9
[2026-04-02T03:18:07.367Z] LOG: [SATELLITE TX] "KEY-PRESS DEVICEID=\"AJAZZ_AKP05\" CONTROLID=\"1/2\" KEY=\"1/2\" PRESSED=1\n"
[2026-04-02T03:18:07.367Z] LOG: [COMPANION] KEY-PRESS OK DEVICEID="AJAZZ_AKP05"
[2026-04-02T03:18:07.400Z] LOG: [VISUAL] Companion wants to draw Key 7 at HID index 7
[2026-04-02T03:18:07.486Z] LOG: [SATELLITE TX] "KEY-PRESS DEVICEID=\"AJAZZ_AKP05\" CONTROLID=\"1/2\" KEY=\"1/2\" PRESSED=0\n"
[2026-04-02T03:18:07.487Z] LOG: [COMPANION] KEY-PRESS OK DEVICEID="AJAZZ_AKP05"
[2026-04-02T03:18:07.523Z] LOG: [VISUAL] Companion wants to draw Key 7 at HID index 7
[2026-04-02T03:18:07.706Z] LOG: [SATELLITE TX] "KEY-PRESS DEVICEID=\"AJAZZ_AKP05\" CONTROLID=\"1/1\" KEY=\"1/1\" PRESSED=1\n"
[2026-04-02T03:18:07.707Z] LOG: [COMPANION] KEY-PRESS OK DEVICEID="AJAZZ_AKP05"
[2026-04-02T03:18:07.743Z] LOG: [VISUAL] Companion wants to draw Key 6 at HID index 6
[2026-04-02T03:18:07.806Z] LOG: [SATELLITE TX] "KEY-PRESS DEVICEID=\"AJAZZ_AKP05\" CONTROLID=\"1/1\" KEY=\"1/1\" PRESSED=0\n"
[2026-04-02T03:18:07.807Z] LOG: [COMPANION] KEY-PRESS OK DEVICEID="AJAZZ_AKP05"
[2026-04-02T03:18:07.838Z] LOG: [VISUAL] Companion wants to draw Key 6 at HID index 6
[2026-04-02T03:18:07.936Z] LOG: [SATELLITE TX] "KEY-PRESS DEVICEID=\"AJAZZ_AKP05\" CONTROLID=\"1/0\" KEY=\"1/0\" PRESSED=1\n"
[2026-04-02T03:18:07.937Z] LOG: [COMPANION] KEY-PRESS OK DEVICEID="AJAZZ_AKP05"
[2026-04-02T03:18:07.970Z] LOG: [VISUAL] Companion wants to draw Key 5 at HID index 5
[2026-04-02T03:18:08.036Z] LOG: [SATELLITE TX] "KEY-PRESS DEVICEID=\"AJAZZ_AKP05\" CONTROLID=\"1/0\" KEY=\"1/0\" PRESSED=0\n"
[2026-04-02T03:18:08.037Z] LOG: [COMPANION] KEY-PRESS OK DEVICEID="AJAZZ_AKP05"
[2026-04-02T03:18:08.069Z] LOG: [VISUAL] Companion wants to draw Key 5 at HID index 5
[2026-04-02T03:18:08.367Z] LOG: [SATELLITE TX] "KEY-PRESS DEVICEID=\"AJAZZ_AKP05\" CONTROLID=\"2/0\" KEY=\"2/0\" PRESSED=1\n"
[2026-04-02T03:18:08.368Z] LOG: [COMPANION] KEY-PRESS OK DEVICEID="AJAZZ_AKP05"
[2026-04-02T03:18:08.404Z] LOG: [VISUAL] Companion wants to draw Key 10 at HID index 0
[2026-04-02T03:18:08.421Z] LOG: [SATELLITE TX] "KEY-PRESS DEVICEID=\"AJAZZ_AKP05\" CONTROLID=\"2/0\" KEY=\"2/0\" PRESSED=0\n"
[2026-04-02T03:18:08.422Z] LOG: [COMPANION] KEY-PRESS OK DEVICEID="AJAZZ_AKP05"
[2026-04-02T03:18:08.446Z] LOG: [VISUAL] Companion wants to draw Key 10 at HID index 0
[2026-04-02T03:18:08.847Z] LOG: [SATELLITE TX] "KEY-PRESS DEVICEID=\"AJAZZ_AKP05\" CONTROLID=\"2/1\" KEY=\"2/1\" PRESSED=1\n"
[2026-04-02T03:18:08.848Z] LOG: [COMPANION] KEY-PRESS OK DEVICEID="AJAZZ_AKP05"
[2026-04-02T03:18:08.883Z] LOG: [VISUAL] Companion wants to draw Key 11 at HID index 1
[2026-04-02T03:18:08.907Z] LOG: [SATELLITE TX] "KEY-PRESS DEVICEID=\"AJAZZ_AKP05\" CONTROLID=\"2/1\" KEY=\"2/1\" PRESSED=0\n"
[2026-04-02T03:18:08.908Z] LOG: [COMPANION] KEY-PRESS OK DEVICEID="AJAZZ_AKP05"
[2026-04-02T03:18:08.950Z] LOG: [VISUAL] Companion wants to draw Key 11 at HID index 1
[2026-04-02T03:18:09.687Z] LOG: [SATELLITE TX] "KEY-PRESS DEVICEID=\"AJAZZ_AKP05\" CONTROLID=\"2/3\" KEY=\"2/3\" PRESSED=1\n"
[2026-04-02T03:18:09.687Z] LOG: [COMPANION] KEY-PRESS OK DEVICEID="AJAZZ_AKP05"
[2026-04-02T03:18:09.717Z] LOG: [VISUAL] Companion wants to draw Key 13 at HID index 3
[2026-04-02T03:18:09.752Z] LOG: [SATELLITE TX] "KEY-PRESS DEVICEID=\"AJAZZ_AKP05\" CONTROLID=\"2/3\" KEY=\"2/3\" PRESSED=0\n"
[2026-04-02T03:18:09.752Z] LOG: [COMPANION] KEY-PRESS OK DEVICEID="AJAZZ_AKP05"
[2026-04-02T03:18:09.779Z] LOG: [VISUAL] Companion wants to draw Key 13 at HID index 3
[2026-04-02T03:18:10.107Z] LOG: [SATELLITE TX] "KEY-PRESS DEVICEID=\"AJAZZ_AKP05\" CONTROLID=\"2/2\" KEY=\"2/2\" PRESSED=1\n"
[2026-04-02T03:18:10.107Z] LOG: [COMPANION] KEY-PRESS OK DEVICEID="AJAZZ_AKP05"
[2026-04-02T03:18:10.144Z] LOG: [VISUAL] Companion wants to draw Key 12 at HID index 2
[2026-04-02T03:18:10.160Z] LOG: [SATELLITE TX] "KEY-PRESS DEVICEID=\"AJAZZ_AKP05\" CONTROLID=\"2/2\" KEY=\"2/2\" PRESSED=0\n"
[2026-04-02T03:18:10.160Z] LOG: [COMPANION] KEY-PRESS OK DEVICEID="AJAZZ_AKP05"
[2026-04-02T03:18:10.192Z] LOG: [VISUAL] Companion wants to draw Key 12 at HID index 2
[2026-04-02T03:18:10.917Z] LOG: [SATELLITE TX] "KEY-PRESS DEVICEID=\"AJAZZ_AKP05\" CONTROLID=\"3/4\" KEY=\"3/4\" PRESSED=1\n"
[2026-04-02T03:18:10.919Z] LOG: [COMPANION] KEY-PRESS OK DEVICEID="AJAZZ_AKP05"
[2026-04-02T03:18:10.954Z] LOG: [VISUAL] Companion wants to draw Key 1 at HID index 11
[2026-04-02T03:18:10.955Z] LOG: [VISUAL] Companion wants to draw Key 2 at HID index 12
[2026-04-02T03:18:10.956Z] LOG: [VISUAL] Companion wants to draw Key 3 at HID index 13
[2026-04-02T03:18:10.960Z] LOG: [VISUAL] Companion wants to draw Key 0 at HID index 10
[2026-04-02T03:18:10.960Z] LOG: [VISUAL] Companion wants to draw Key 4 at HID index 14
[2026-04-02T03:18:10.961Z] LOG: [VISUAL] Companion wants to draw Key 6 at HID index 6
[2026-04-02T03:18:10.961Z] LOG: [VISUAL] Companion wants to draw Key 7 at HID index 7
[2026-04-02T03:18:10.963Z] LOG: [VISUAL] Companion wants to draw Key 8 at HID index 8
[2026-04-02T03:18:10.963Z] LOG: [VISUAL] Companion wants to draw Key 5 at HID index 5
[2026-04-02T03:18:10.964Z] LOG: [VISUAL] Companion wants to draw Key 9 at HID index 9
[2026-04-02T03:18:10.966Z] LOG: [VISUAL] Companion wants to draw Key 11 at HID index 1
[2026-04-02T03:18:10.966Z] LOG: [VISUAL] Companion wants to draw Key 12 at HID index 2
[2026-04-02T03:18:10.966Z] LOG: [VISUAL] Companion wants to draw Key 13 at HID index 3
[2026-04-02T03:18:10.967Z] LOG: [VISUAL] Companion wants to draw Key 10 at HID index 0
[2026-04-02T03:18:10.967Z] LOG: [SATELLITE TX] "KEY-PRESS DEVICEID=\"AJAZZ_AKP05\" CONTROLID=\"3/4\" KEY=\"3/4\" PRESSED=0\n"
[2026-04-02T03:18:10.971Z] LOG: [COMPANION] KEY-PRESS OK DEVICEID="AJAZZ_AKP05"
[2026-04-02T03:18:11.707Z] LOG: [SATELLITE TX] "KEY-PRESS DEVICEID=\"AJAZZ_AKP05\" CONTROLID=\"0/0\" KEY=\"0/0\" PRESSED=1\n"
[2026-04-02T03:18:11.720Z] LOG: [COMPANION] KEY-PRESS OK DEVICEID="AJAZZ_AKP05"
[2026-04-02T03:18:11.722Z] LOG: [VISUAL] Companion wants to draw Key 1 at HID index 11
[2026-04-02T03:18:11.722Z] LOG: [VISUAL] Companion wants to draw Key 0 at HID index 10
[2026-04-02T03:18:11.723Z] LOG: [VISUAL] Companion wants to draw Key 2 at HID index 12
[2026-04-02T03:18:11.724Z] LOG: [VISUAL] Companion wants to draw Key 3 at HID index 13
[2026-04-02T03:18:11.725Z] LOG: [VISUAL] Companion wants to draw Key 4 at HID index 14
[2026-04-02T03:18:11.726Z] LOG: [VISUAL] Companion wants to draw Key 5 at HID index 5
[2026-04-02T03:18:11.727Z] LOG: [SATELLITE TX] "KEY-PRESS DEVICEID=\"AJAZZ_AKP05\" CONTROLID=\"0/0\" KEY=\"0/0\" PRESSED=0\n"
[2026-04-02T03:18:11.727Z] LOG: [VISUAL] Companion wants to draw Key 6 at HID index 6
[2026-04-02T03:18:11.728Z] LOG: [COMPANION] KEY-PRESS OK DEVICEID="AJAZZ_AKP05"
[2026-04-02T03:18:11.729Z] LOG: [VISUAL] Companion wants to draw Key 7 at HID index 7
[2026-04-02T03:18:11.730Z] LOG: [VISUAL] Companion wants to draw Key 8 at HID index 8
[2026-04-02T03:18:11.730Z] LOG: [VISUAL] Companion wants to draw Key 9 at HID index 9
[2026-04-02T03:18:11.730Z] LOG: [VISUAL] Companion wants to draw Key 10 at HID index 0
[2026-04-02T03:18:11.732Z] LOG: [VISUAL] Companion wants to draw Key 11 at HID index 1
[2026-04-02T03:18:11.733Z] LOG: [VISUAL] Companion wants to draw Key 13 at HID index 3
[2026-04-02T03:18:11.733Z] LOG: [VISUAL] Companion wants to draw Key 12 at HID index 2
[2026-04-02T03:18:12.598Z] LOG: [SATELLITE TX] "KEY-PRESS DEVICEID=\"AJAZZ_AKP05\" CONTROLID=\"2/4\" KEY=\"2/4\" PRESSED=1\n"
[2026-04-02T03:18:12.599Z] LOG: [COMPANION] KEY-PRESS OK DEVICEID="AJAZZ_AKP05"
[2026-04-02T03:18:12.620Z] LOG: [VISUAL] Companion wants to draw Key 3 at HID index 13
[2026-04-02T03:18:12.620Z] LOG: [VISUAL] Companion wants to draw Key 1 at HID index 11
[2026-04-02T03:18:12.621Z] LOG: [VISUAL] Companion wants to draw Key 2 at HID index 12
[2026-04-02T03:18:12.621Z] LOG: [VISUAL] Companion wants to draw Key 0 at HID index 10
[2026-04-02T03:18:12.623Z] LOG: [VISUAL] Companion wants to draw Key 4 at HID index 14
[2026-04-02T03:18:12.623Z] LOG: [VISUAL] Companion wants to draw Key 6 at HID index 6
[2026-04-02T03:18:12.624Z] LOG: [VISUAL] Companion wants to draw Key 7 at HID index 7
[2026-04-02T03:18:12.624Z] LOG: [VISUAL] Companion wants to draw Key 8 at HID index 8
[2026-04-02T03:18:12.625Z] LOG: [VISUAL] Companion wants to draw Key 5 at HID index 5
[2026-04-02T03:18:12.625Z] LOG: [VISUAL] Companion wants to draw Key 9 at HID index 9
[2026-04-02T03:18:12.626Z] LOG: [VISUAL] Companion wants to draw Key 11 at HID index 1
[2026-04-02T03:18:12.627Z] LOG: [VISUAL] Companion wants to draw Key 12 at HID index 2
[2026-04-02T03:18:12.627Z] LOG: [VISUAL] Companion wants to draw Key 10 at HID index 0
[2026-04-02T03:18:12.628Z] LOG: [VISUAL] Companion wants to draw Key 13 at HID index 3
[2026-04-02T03:18:12.649Z] LOG: [SATELLITE TX] "KEY-PRESS DEVICEID=\"AJAZZ_AKP05\" CONTROLID=\"2/4\" KEY=\"2/4\" PRESSED=0\n"
[2026-04-02T03:18:12.649Z] LOG: [COMPANION] KEY-PRESS OK DEVICEID="AJAZZ_AKP05"
[2026-04-02T03:18:13.437Z] LOG: [SATELLITE TX] "KEY-PRESS DEVICEID=\"AJAZZ_AKP05\" CONTROLID=\"2/0\" KEY=\"2/0\" PRESSED=1\n"
[2026-04-02T03:18:13.444Z] LOG: [COMPANION] KEY-PRESS OK DEVICEID="AJAZZ_AKP05"
[2026-04-02T03:18:13.445Z] LOG: [VISUAL] Companion wants to draw Key 0 at HID index 10
[2026-04-02T03:18:13.446Z] LOG: [VISUAL] Companion wants to draw Key 1 at HID index 11
[2026-04-02T03:18:13.447Z] LOG: [VISUAL] Companion wants to draw Key 2 at HID index 12
[2026-04-02T03:18:13.448Z] LOG: [VISUAL] Companion wants to draw Key 3 at HID index 13
[2026-04-02T03:18:13.449Z] LOG: [VISUAL] Companion wants to draw Key 4 at HID index 14
[2026-04-02T03:18:13.449Z] LOG: [VISUAL] Companion wants to draw Key 5 at HID index 5
[2026-04-02T03:18:13.451Z] LOG: [VISUAL] Companion wants to draw Key 6 at HID index 6
[2026-04-02T03:18:13.452Z] LOG: [VISUAL] Companion wants to draw Key 7 at HID index 7
[2026-04-02T03:18:13.453Z] LOG: [VISUAL] Companion wants to draw Key 8 at HID index 8
[2026-04-02T03:18:13.453Z] LOG: [VISUAL] Companion wants to draw Key 9 at HID index 9
[2026-04-02T03:18:13.454Z] LOG: [VISUAL] Companion wants to draw Key 10 at HID index 0
[2026-04-02T03:18:13.455Z] LOG: [VISUAL] Companion wants to draw Key 11 at HID index 1
[2026-04-02T03:18:13.456Z] LOG: [VISUAL] Companion wants to draw Key 12 at HID index 2
[2026-04-02T03:18:13.457Z] LOG: [VISUAL] Companion wants to draw Key 13 at HID index 3
[2026-04-02T03:18:13.488Z] LOG: [SATELLITE TX] "KEY-PRESS DEVICEID=\"AJAZZ_AKP05\" CONTROLID=\"2/0\" KEY=\"2/0\" PRESSED=0\n"
[2026-04-02T03:18:13.489Z] LOG: [COMPANION] KEY-PRESS OK DEVICEID="AJAZZ_AKP05"
[2026-04-02T03:18:14.989Z] LOG: [SATELLITE TX] "KEY-ROTATE DEVICEID=\"AJAZZ_AKP05\" CONTROLID=\"3/0\" KEY=\"3/0\" DIRECTION=1\n"
[2026-04-02T03:18:14.990Z] LOG: [COMPANION] KEY-ROTATE OK DEVICEID="AJAZZ_AKP05"
[2026-04-02T03:18:15.023Z] LOG: [SATELLITE TX] "KEY-ROTATE DEVICEID=\"AJAZZ_AKP05\" CONTROLID=\"3/0\" KEY=\"3/0\" DIRECTION=1\n"
[2026-04-02T03:18:15.024Z] LOG: [COMPANION] KEY-ROTATE OK DEVICEID="AJAZZ_AKP05"
[2026-04-02T03:18:15.107Z] LOG: [SATELLITE TX] "KEY-ROTATE DEVICEID=\"AJAZZ_AKP05\" CONTROLID=\"3/0\" KEY=\"3/0\" DIRECTION=1\n"
[2026-04-02T03:18:15.107Z] LOG: [COMPANION] KEY-ROTATE OK DEVICEID="AJAZZ_AKP05"
[2026-04-02T03:18:15.448Z] LOG: [SATELLITE TX] "KEY-ROTATE DEVICEID=\"AJAZZ_AKP05\" CONTROLID=\"3/1\" KEY=\"3/1\" DIRECTION=1\n"
[2026-04-02T03:18:15.448Z] LOG: [COMPANION] KEY-ROTATE OK DEVICEID="AJAZZ_AKP05"
[2026-04-02T03:18:15.492Z] LOG: [SATELLITE TX] "KEY-ROTATE DEVICEID=\"AJAZZ_AKP05\" CONTROLID=\"3/1\" KEY=\"3/1\" DIRECTION=1\n"
[2026-04-02T03:18:15.493Z] LOG: [COMPANION] KEY-ROTATE OK DEVICEID="AJAZZ_AKP05"
[2026-04-02T03:18:15.925Z] LOG: [SATELLITE TX] "KEY-ROTATE DEVICEID=\"AJAZZ_AKP05\" CONTROLID=\"3/2\" KEY=\"3/2\" DIRECTION=1\n"
[2026-04-02T03:18:15.925Z] LOG: [COMPANION] KEY-ROTATE OK DEVICEID="AJAZZ_AKP05"
[2026-04-02T03:18:23.244Z] LOG: [HID] Inter-report delay: 0 ms default 0 (set AKP05_HID_WRITE_DELAY_MS to add pacing)
[2026-04-02T03:18:23.271Z] LOG: [HID] Secured. Ajazz AKP05 (VID 300 PID 3004)
[2026-04-02T03:18:24.281Z] LOG: [VISUAL] Connected.
[2026-04-02T03:18:24.283Z] LOG: [VISUAL] BEGIN received; DEVICEID=AJAZZ_AKP05 — sending minimal ADD-DEVICE in 600ms…
[2026-04-02T03:18:24.893Z] LOG: [HANDSHAKE] "ADD-DEVICE DEVICEID=\"AJAZZ_AKP05\" PRODUCT_NAME=\"Ajazz AKP05\" KEYS_TOTAL=25 KEYS_PER_ROW=5 BITMAPS=112\n"
[2026-04-02T03:18:24.893Z] LOG: [DEBUG TX HEX] 4144442d4445564943452044455649434549443d22414a415a5a5f414b503035222050524f445543545f4e414d453d22416a617a7a20414b50303522204b4559535f544f54414c3d3235204b4559535f5045525f524f573d35204249544d4150533d3131320a
[2026-04-02T03:18:24.897Z] LOG: [COMPANION] ADD-DEVICE OK DEVICEID="AJAZZ_AKP05"
[2026-04-02T03:18:24.920Z] LOG: [VISUAL] Companion wants to draw Key 0 at HID index 10
[2026-04-02T03:18:24.925Z] LOG: [VISUAL] Companion wants to draw Key 1 at HID index 11
[2026-04-02T03:18:24.926Z] LOG: [VISUAL] Companion wants to draw Key 3 at HID index 13
[2026-04-02T03:18:24.927Z] LOG: [VISUAL] Companion wants to draw Key 2 at HID index 12
[2026-04-02T03:18:24.928Z] LOG: [VISUAL] Companion wants to draw Key 4 at HID index 14
[2026-04-02T03:18:24.928Z] LOG: [VISUAL] Companion wants to draw Key 5 at HID index 5
[2026-04-02T03:18:24.930Z] LOG: [VISUAL] Companion wants to draw Key 7 at HID index 7
[2026-04-02T03:18:24.932Z] LOG: [VISUAL] Companion wants to draw Key 6 at HID index 6
[2026-04-02T03:18:24.939Z] LOG: [VISUAL] Companion wants to draw Key 8 at HID index 8
[2026-04-02T03:18:24.939Z] LOG: [VISUAL] Companion wants to draw Key 9 at HID index 9
[2026-04-02T03:18:24.940Z] LOG: [VISUAL] Companion wants to draw Key 10 at HID index 0
[2026-04-02T03:18:24.942Z] LOG: [VISUAL] Companion wants to draw Key 11 at HID index 1
[2026-04-02T03:18:24.947Z] LOG: [VISUAL] Companion wants to draw Key 12 at HID index 2
[2026-04-02T03:18:24.948Z] LOG: [VISUAL] Companion wants to draw Key 13 at HID index 3
[2026-04-02T03:29:17.332Z] LOG: [HID] Inter-report delay: 0 ms default 0 (set AKP05_HID_WRITE_DELAY_MS to add pacing)
[2026-04-02T03:29:17.355Z] LOG: [HID] Secured. Ajazz AKP05 (VID 300 PID 3004)
[2026-04-02T03:29:18.368Z] LOG: [VISUAL] Connected.
[2026-04-02T03:29:18.370Z] LOG: [VISUAL] BEGIN received; DEVICEID=AJAZZ_AKP05 — sending minimal ADD-DEVICE in 600ms…
[2026-04-02T03:29:18.982Z] LOG: [HANDSHAKE] "ADD-DEVICE DEVICEID=\"AJAZZ_AKP05\" PRODUCT_NAME=\"Ajazz AKP05\" KEYS_TOTAL=25 KEYS_PER_ROW=5 BITMAPS=112\n"
[2026-04-02T03:29:18.987Z] LOG: [DEBUG TX HEX] 4144442d4445564943452044455649434549443d22414a415a5a5f414b503035222050524f445543545f4e414d453d22416a617a7a20414b50303522204b4559535f544f54414c3d3235204b4559535f5045525f524f573d35204249544d4150533d3131320a
[2026-04-02T03:29:18.995Z] LOG: [COMPANION] ADD-DEVICE OK DEVICEID="AJAZZ_AKP05"
[2026-04-02T03:29:18.997Z] LOG: [VISUAL] Companion wants to draw Key 0 at HID index 10
[2026-04-02T03:29:19.000Z] LOG: [VISUAL] Companion wants to draw Key 1 at HID index 11
[2026-04-02T03:29:19.000Z] LOG: [VISUAL] Companion wants to draw Key 2 at HID index 12
[2026-04-02T03:29:19.001Z] LOG: [VISUAL] Companion wants to draw Key 3 at HID index 13
[2026-04-02T03:29:19.002Z] LOG: [VISUAL] Companion wants to draw Key 4 at HID index 14
[2026-04-02T03:29:19.002Z] LOG: [VISUAL] Companion wants to draw Key 5 at HID index 5
[2026-04-02T03:29:19.002Z] LOG: [VISUAL] Companion wants to draw Key 6 at HID index 6
[2026-04-02T03:29:19.003Z] LOG: [VISUAL] Companion wants to draw Key 7 at HID index 7
[2026-04-02T03:29:19.003Z] LOG: [VISUAL] Companion wants to draw Key 8 at HID index 8
[2026-04-02T03:29:19.004Z] LOG: [VISUAL] Companion wants to draw Key 9 at HID index 9
[2026-04-02T03:29:19.004Z] LOG: [VISUAL] Companion wants to draw Key 10 at HID index 0
[2026-04-02T03:29:19.004Z] LOG: [VISUAL] Companion wants to draw Key 11 at HID index 1
[2026-04-02T03:29:19.005Z] LOG: [VISUAL] Companion wants to draw Key 12 at HID index 2
[2026-04-02T03:29:19.005Z] LOG: [VISUAL] Companion wants to draw Key 13 at HID index 3
